02-Jun-2016 13:57:02.046 INFO [main] org.apache.catalina.startup.VersionLoggerListener.log Server version:        Apache Tomcat/9.0.0.M1
02-Jun-2016 13:57:02.047 INFO [main] org.apache.catalina.startup.VersionLoggerListener.log Server built:          Nov 12 2015 22:05:52 UTC
02-Jun-2016 13:57:02.047 INFO [main] org.apache.catalina.startup.VersionLoggerListener.log Server number:         9.0.0.0
02-Jun-2016 13:57:02.048 INFO [main] org.apache.catalina.startup.VersionLoggerListener.log OS Name:               Windows 10
02-Jun-2016 13:57:02.048 INFO [main] org.apache.catalina.startup.VersionLoggerListener.log OS Version:            10.0
02-Jun-2016 13:57:02.048 INFO [main] org.apache.catalina.startup.VersionLoggerListener.log Architecture:          x86
02-Jun-2016 13:57:02.048 INFO [main] org.apache.catalina.startup.VersionLoggerListener.log Java Home:             C:\Program Files (x86)\Java\jdk1.8.0_74\jre
02-Jun-2016 13:57:02.049 INFO [main] org.apache.catalina.startup.VersionLoggerListener.log JVM Version:           1.8.0_74-b02
02-Jun-2016 13:57:02.049 INFO [main] org.apache.catalina.startup.VersionLoggerListener.log JVM Vendor:            Oracle Corporation
02-Jun-2016 13:57:02.049 INFO [main] org.apache.catalina.startup.VersionLoggerListener.log CATALINA_BASE:         C:\Users\peter\Desktop\Schule\SEM4-2\ITM\Abgabe_3\itm_skeleton_a3_SS16\assignment3\tools\tomcat\apache-tomcat-9.0.0.M1
02-Jun-2016 13:57:02.049 INFO [main] org.apache.catalina.startup.VersionLoggerListener.log CATALINA_HOME:         C:\Users\peter\Desktop\Schule\SEM4-2\ITM\Abgabe_3\itm_skeleton_a3_SS16\assignment3\tools\tomcat\apache-tomcat-9.0.0.M1
02-Jun-2016 13:57:02.050 INFO [main] org.apache.catalina.startup.VersionLoggerListener.log Command line argument: -Djava.util.logging.config.file=tools\tomcat\apache-tomcat-9.0.0.M1\conf\logging.properties
02-Jun-2016 13:57:02.050 INFO [main] org.apache.catalina.startup.VersionLoggerListener.log Command line argument: -Djava.util.logging.manager=org.apache.juli.ClassLoaderLogManager
02-Jun-2016 13:57:02.050 INFO [main] org.apache.catalina.startup.VersionLoggerListener.log Command line argument: -Xmx512m
02-Jun-2016 13:57:02.050 INFO [main] org.apache.catalina.startup.VersionLoggerListener.log Command line argument: -Dcatalina.base=tools\tomcat\apache-tomcat-9.0.0.M1
02-Jun-2016 13:57:02.051 INFO [main] org.apache.catalina.startup.VersionLoggerListener.log Command line argument: -Dcatalina.home=tools\tomcat\apache-tomcat-9.0.0.M1
02-Jun-2016 13:57:02.051 INFO [main] org.apache.catalina.startup.VersionLoggerListener.log Command line argument: -Djava.io.tmpdir=tools\tomcat\apache-tomcat-9.0.0.M1\temp
02-Jun-2016 13:57:02.051 INFO [main] org.apache.catalina.core.AprLifecycleListener.lifecycleEvent The APR based Apache Tomcat Native library which allows optimal performance in production environments was not found on the java.library.path: C:\Program Files (x86)\Java\jdk1.8.0_74\bin;C:\WINDOWS\Sun\Java\bin;C:\WINDOWS\system32;C:\WINDOWS;C:\ProgramData\Oracle\Java\javapath;C:\Windows\system32;C:\Windows;C:\Windows\System32\Wbem;C:\Windows\System32\WindowsPowerShell\v1.0\;C:\Program Files (x86)\NVIDIA Corporation\PhysX\Common;%USERPROFILE%\.dnx\bin;C:\Program Files\Microsoft DNX\Dnvm\;C:\WINDOWS\system32;C:\WINDOWS;C:\WINDOWS\System32\Wbem;C:\WINDOWS\System32\WindowsPowerShell\v1.0\;C:\Program Files (x86)\Skype\Phone\;C:\Program Files (x86)\Windows Kits\10\Windows Performance Toolkit\;C:\Program Files\Git\cmd;.;"C:\Program Files (x86)\Java\jdk1.8.0_74\bin";E:\Program Files (x86)\CodeBlocks\MinGW\bin;.
02-Jun-2016 13:57:02.208 INFO [main] org.apache.coyote.AbstractProtocol.init Initializing ProtocolHandler ["http-nio-8080"]
02-Jun-2016 13:57:02.300 INFO [main] org.apache.tomcat.util.net.NioSelectorPool.getSharedSelector Using a shared selector for servlet write/read
02-Jun-2016 13:57:02.303 INFO [main] org.apache.coyote.AbstractProtocol.init Initializing ProtocolHandler ["ajp-nio-8009"]
02-Jun-2016 13:57:02.305 INFO [main] org.apache.tomcat.util.net.NioSelectorPool.getSharedSelector Using a shared selector for servlet write/read
02-Jun-2016 13:57:02.306 INFO [main] org.apache.catalina.startup.Catalina.load Initialization processed in 717 ms
02-Jun-2016 13:57:02.331 INFO [main] org.apache.catalina.core.StandardService.startInternal Starting service Catalina
02-Jun-2016 13:57:02.331 INFO [main] org.apache.catalina.core.StandardEngine.startInternal Starting Servlet Engine: Apache Tomcat/9.0.0.M1
02-Jun-2016 13:57:02.343 INFO [localhost-startStop-1] org.apache.catalina.startup.HostConfig.deployDescriptor Deploying configuration descriptor C:\Users\peter\Desktop\Schule\SEM4-2\ITM\Abgabe_3\itm_skeleton_a3_SS16\assignment3\tools\tomcat\apache-tomcat-9.0.0.M1\conf\Catalina\localhost\itm.xml
02-Jun-2016 13:57:02.382 WARNING [localhost-startStop-1] org.apache.catalina.startup.SetContextPropertiesRule.begin [SetContextPropertiesRule]{Context} Setting property 'debug' to '0' did not find a matching property.
02-Jun-2016 13:57:04.093 INFO [localhost-startStop-1] org.apache.jasper.servlet.TldScanner.scanJars At least one JAR was scanned for TLDs yet contained no TLDs. Enable debug logging for this logger for a complete list of JARs that were scanned but no TLDs were found in them. Skipping unneeded JARs during scanning can improve startup time and JSP compilation time.
02-Jun-2016 13:57:04.267 INFO [localhost-startStop-1] org.apache.catalina.startup.HostConfig.deployDescriptor Deployment of configuration descriptor C:\Users\peter\Desktop\Schule\SEM4-2\ITM\Abgabe_3\itm_skeleton_a3_SS16\assignment3\tools\tomcat\apache-tomcat-9.0.0.M1\conf\Catalina\localhost\itm.xml has finished in 1,924 ms
02-Jun-2016 13:57:04.268 INFO [localhost-startStop-1] org.apache.catalina.startup.HostConfig.deployDirectory Deploying web application directory C:\Users\peter\Desktop\Schule\SEM4-2\ITM\Abgabe_3\itm_skeleton_a3_SS16\assignment3\tools\tomcat\apache-tomcat-9.0.0.M1\webapps\ROOT
02-Jun-2016 13:57:04.302 INFO [localhost-startStop-1] org.apache.catalina.startup.HostConfig.deployDirectory Deployment of web application directory C:\Users\peter\Desktop\Schule\SEM4-2\ITM\Abgabe_3\itm_skeleton_a3_SS16\assignment3\tools\tomcat\apache-tomcat-9.0.0.M1\webapps\ROOT has finished in 33 ms
02-Jun-2016 13:57:04.305 INFO [main] org.apache.coyote.AbstractProtocol.start Starting ProtocolHandler [http-nio-8080]
02-Jun-2016 13:57:04.314 INFO [main] org.apache.coyote.AbstractProtocol.start Starting ProtocolHandler [ajp-nio-8009]
02-Jun-2016 13:57:04.317 INFO [main] org.apache.catalina.startup.Catalina.start Server startup in 2011 ms
02-Jun-2016 14:00:17.959 INFO [ContainerBackgroundProcessor[StandardEngine[Catalina]]] org.apache.catalina.loader.WebappClassLoaderBase.modified One or more JARs have been modified in the web application [/itm]
02-Jun-2016 14:00:17.960 INFO [ContainerBackgroundProcessor[StandardEngine[Catalina]]] org.apache.catalina.core.StandardContext.reload Reloading Context with name [/itm] has started
02-Jun-2016 14:00:18.462 INFO [ContainerBackgroundProcessor[StandardEngine[Catalina]]] org.apache.catalina.core.StandardContext.reload Reloading Context with name [/itm] is completed
02-Jun-2016 14:06:57.840 INFO [http-nio-8080-exec-9] org.apache.coyote.http11.Http11Processor.service Error parsing HTTP request header
 Note: further occurrences of HTTP header parsing errors will be logged at DEBUG level.
02-Jun-2016 14:06:57.842 SEVERE [http-nio-8080-exec-9] org.apache.coyote.http11.Http11Processor.endRequest Error finishing response
 java.lang.NullPointerException
	at org.apache.coyote.http11.Http11OutputBuffer.commit(Http11OutputBuffer.java:351)
	at org.apache.coyote.http11.Http11Processor.action(Http11Processor.java:647)
	at org.apache.coyote.http11.Http11Processor.endRequest(Http11Processor.java:1772)
	at org.apache.coyote.http11.Http11Processor.service(Http11Processor.java:1121)
	at org.apache.coyote.AbstractProcessorLight.process(AbstractProcessorLight.java:75)
	at org.apache.coyote.AbstractProtocol$ConnectionHandler.process(AbstractProtocol.java:757)
	at org.apache.tomcat.util.net.NioEndpoint$SocketProcessor.run(NioEndpoint.java:1515)
	at java.util.concurrent.ThreadPoolExecutor.runWorker(ThreadPoolExecutor.java:1142)
	at java.util.concurrent.ThreadPoolExecutor$Worker.run(ThreadPoolExecutor.java:617)
	at org.apache.tomcat.util.threads.TaskThread$WrappingRunnable.run(TaskThread.java:61)
	at java.lang.Thread.run(Thread.java:745)

02-Jun-2016 14:09:40.932 WARNING [http-nio-8080-exec-10] org.apache.catalina.connector.CoyoteAdapter.log Exception while attempting to add an entry to the access log
 java.lang.IndexOutOfBoundsException
	at java.nio.ByteBuffer.wrap(ByteBuffer.java:375)
	at org.apache.tomcat.util.buf.ByteChunk.toStringInternal(ByteChunk.java:490)
	at org.apache.tomcat.util.buf.StringCache.toString(StringCache.java:221)
	at org.apache.tomcat.util.buf.ByteChunk.toString(ByteChunk.java:480)
	at org.apache.tomcat.util.buf.MessageBytes.toString(MessageBytes.java:166)
	at org.apache.catalina.connector.Request.getRequestURI(Request.java:2155)
	at org.apache.catalina.valves.AbstractAccessLogValve$RequestElement.addElement(AbstractAccessLogValve.java:1062)
	at org.apache.catalina.valves.AbstractAccessLogValve.log(AbstractAccessLogValve.java:645)
	at org.apache.catalina.core.AccessLogAdapter.log(AccessLogAdapter.java:51)
	at org.apache.catalina.core.StandardEngine.logAccess(StandardEngine.java:342)
	at org.apache.catalina.connector.CoyoteAdapter.log(CoyoteAdapter.java:489)
	at org.apache.coyote.http11.Http11Processor.service(Http11Processor.java:1015)
	at org.apache.coyote.AbstractProcessorLight.process(AbstractProcessorLight.java:75)
	at org.apache.coyote.AbstractProtocol$ConnectionHandler.process(AbstractProtocol.java:757)
	at org.apache.tomcat.util.net.NioEndpoint$SocketProcessor.run(NioEndpoint.java:1515)
	at java.util.concurrent.ThreadPoolExecutor.runWorker(ThreadPoolExecutor.java:1142)
	at java.util.concurrent.ThreadPoolExecutor$Worker.run(ThreadPoolExecutor.java:617)
	at org.apache.tomcat.util.threads.TaskThread$WrappingRunnable.run(TaskThread.java:61)
	at java.lang.Thread.run(Thread.java:745)

02-Jun-2016 14:09:40.932 SEVERE [http-nio-8080-exec-6] org.apache.coyote.http11.Http11Processor.service Error processing request
 java.lang.ArrayIndexOutOfBoundsException
	at java.lang.System.arraycopy(Native Method)
	at org.apache.tomcat.util.buf.ByteChunk.append(ByteChunk.java:301)
	at org.apache.tomcat.util.buf.ByteChunk.append(ByteChunk.java:287)
	at org.apache.tomcat.util.buf.MessageBytes.duplicate(MessageBytes.java:451)
	at org.apache.catalina.connector.CoyoteAdapter.postParseRequest(CoyoteAdapter.java:620)
	at org.apache.catalina.connector.CoyoteAdapter.service(CoyoteAdapter.java:356)
	at org.apache.coyote.http11.Http11Processor.service(Http11Processor.java:1080)
	at org.apache.coyote.AbstractProcessorLight.process(AbstractProcessorLight.java:75)
	at org.apache.coyote.AbstractProtocol$ConnectionHandler.process(AbstractProtocol.java:757)
	at org.apache.tomcat.util.net.NioEndpoint$SocketProcessor.run(NioEndpoint.java:1515)
	at java.util.concurrent.ThreadPoolExecutor.runWorker(ThreadPoolExecutor.java:1142)
	at java.util.concurrent.ThreadPoolExecutor$Worker.run(ThreadPoolExecutor.java:617)
	at org.apache.tomcat.util.threads.TaskThread$WrappingRunnable.run(TaskThread.java:61)
	at java.lang.Thread.run(Thread.java:745)

02-Jun-2016 14:09:40.936 SEVERE [http-nio-8080-exec-10] org.apache.coyote.http11.Http11Processor.endRequest Error finishing response
 java.lang.NullPointerException
	at org.apache.coyote.http11.Http11OutputBuffer.commit(Http11OutputBuffer.java:351)
	at org.apache.coyote.http11.Http11Processor.action(Http11Processor.java:647)
	at org.apache.coyote.http11.Http11Processor.endRequest(Http11Processor.java:1772)
	at org.apache.coyote.http11.Http11Processor.service(Http11Processor.java:1121)
	at org.apache.coyote.AbstractProcessorLight.process(AbstractProcessorLight.java:75)
	at org.apache.coyote.AbstractProtocol$ConnectionHandler.process(AbstractProtocol.java:757)
	at org.apache.tomcat.util.net.NioEndpoint$SocketProcessor.run(NioEndpoint.java:1515)
	at java.util.concurrent.ThreadPoolExecutor.runWorker(ThreadPoolExecutor.java:1142)
	at java.util.concurrent.ThreadPoolExecutor$Worker.run(ThreadPoolExecutor.java:617)
	at org.apache.tomcat.util.threads.TaskThread$WrappingRunnable.run(TaskThread.java:61)
	at java.lang.Thread.run(Thread.java:745)

02-Jun-2016 14:09:40.938 SEVERE [http-nio-8080-exec-6] org.apache.coyote.http11.Http11Processor.endRequest Error finishing response
 java.lang.NullPointerException
	at org.apache.coyote.http11.Http11OutputBuffer.commit(Http11OutputBuffer.java:351)
	at org.apache.coyote.http11.Http11Processor.action(Http11Processor.java:647)
	at org.apache.coyote.http11.Http11Processor.endRequest(Http11Processor.java:1772)
	at org.apache.coyote.http11.Http11Processor.service(Http11Processor.java:1121)
	at org.apache.coyote.AbstractProcessorLight.process(AbstractProcessorLight.java:75)
	at org.apache.coyote.AbstractProtocol$ConnectionHandler.process(AbstractProtocol.java:757)
	at org.apache.tomcat.util.net.NioEndpoint$SocketProcessor.run(NioEndpoint.java:1515)
	at java.util.concurrent.ThreadPoolExecutor.runWorker(ThreadPoolExecutor.java:1142)
	at java.util.concurrent.ThreadPoolExecutor$Worker.run(ThreadPoolExecutor.java:617)
	at org.apache.tomcat.util.threads.TaskThread$WrappingRunnable.run(TaskThread.java:61)
	at java.lang.Thread.run(Thread.java:745)

02-Jun-2016 14:09:41.002 SEVERE [http-nio-8080-exec-12] org.apache.coyote.http11.Http11Processor.service Error processing request
 java.lang.NullPointerException
	at org.apache.catalina.connector.CoyoteAdapter.service(CoyoteAdapter.java:386)
	at org.apache.coyote.http11.Http11Processor.service(Http11Processor.java:1080)
	at org.apache.coyote.AbstractProcessorLight.process(AbstractProcessorLight.java:75)
	at org.apache.coyote.AbstractProtocol$ConnectionHandler.process(AbstractProtocol.java:757)
	at org.apache.tomcat.util.net.NioEndpoint$SocketProcessor.run(NioEndpoint.java:1515)
	at java.util.concurrent.ThreadPoolExecutor.runWorker(ThreadPoolExecutor.java:1142)
	at java.util.concurrent.ThreadPoolExecutor$Worker.run(ThreadPoolExecutor.java:617)
	at org.apache.tomcat.util.threads.TaskThread$WrappingRunnable.run(TaskThread.java:61)
	at java.lang.Thread.run(Thread.java:745)

02-Jun-2016 14:09:41.016 SEVERE [http-nio-8080-exec-5] org.apache.coyote.http11.Http11Processor.service Error processing request
 java.lang.NullPointerException
	at org.apache.catalina.connector.CoyoteAdapter.postParseRequest(CoyoteAdapter.java:772)
	at org.apache.catalina.connector.CoyoteAdapter.service(CoyoteAdapter.java:356)
	at org.apache.coyote.http11.Http11Processor.service(Http11Processor.java:1080)
	at org.apache.coyote.AbstractProcessorLight.process(AbstractProcessorLight.java:75)
	at org.apache.coyote.AbstractProtocol$ConnectionHandler.process(AbstractProtocol.java:757)
	at org.apache.tomcat.util.net.NioEndpoint$SocketProcessor.run(NioEndpoint.java:1515)
	at java.util.concurrent.ThreadPoolExecutor.runWorker(ThreadPoolExecutor.java:1142)
	at java.util.concurrent.ThreadPoolExecutor$Worker.run(ThreadPoolExecutor.java:617)
	at org.apache.tomcat.util.threads.TaskThread$WrappingRunnable.run(TaskThread.java:61)
	at java.lang.Thread.run(Thread.java:745)

02-Jun-2016 14:09:41.025 SEVERE [http-nio-8080-exec-9] org.apache.coyote.http11.Http11Processor.service Error processing request
 java.lang.NullPointerException
	at org.apache.catalina.connector.Request.notifyAttributeAssigned(Request.java:1463)
	at org.apache.catalina.connector.Request.setAttribute(Request.java:1453)
	at org.apache.catalina.core.StandardHostValve.invoke(StandardHostValve.java:157)
	at org.apache.catalina.valves.ErrorReportValve.invoke(ErrorReportValve.java:79)
	at org.apache.catalina.valves.AbstractAccessLogValve.invoke(AbstractAccessLogValve.java:616)
	at org.apache.catalina.core.StandardEngineValve.invoke(StandardEngineValve.java:87)
	at org.apache.catalina.connector.CoyoteAdapter.service(CoyoteAdapter.java:361)
	at org.apache.coyote.http11.Http11Processor.service(Http11Processor.java:1080)
	at org.apache.coyote.AbstractProcessorLight.process(AbstractProcessorLight.java:75)
	at org.apache.coyote.AbstractProtocol$ConnectionHandler.process(AbstractProtocol.java:757)
	at org.apache.tomcat.util.net.NioEndpoint$SocketProcessor.run(NioEndpoint.java:1515)
	at java.util.concurrent.ThreadPoolExecutor.runWorker(ThreadPoolExecutor.java:1142)
	at java.util.concurrent.ThreadPoolExecutor$Worker.run(ThreadPoolExecutor.java:617)
	at org.apache.tomcat.util.threads.TaskThread$WrappingRunnable.run(TaskThread.java:61)
	at java.lang.Thread.run(Thread.java:745)

02-Jun-2016 14:09:41.034 SEVERE [http-nio-8080-exec-5] org.apache.coyote.http11.Http11Processor.endRequest Error finishing response
 java.lang.NullPointerException
	at org.apache.coyote.http11.Http11OutputBuffer.commit(Http11OutputBuffer.java:351)
	at org.apache.coyote.http11.Http11Processor.action(Http11Processor.java:647)
	at org.apache.coyote.http11.Http11Processor.endRequest(Http11Processor.java:1772)
	at org.apache.coyote.http11.Http11Processor.service(Http11Processor.java:1121)
	at org.apache.coyote.AbstractProcessorLight.process(AbstractProcessorLight.java:75)
	at org.apache.coyote.AbstractProtocol$ConnectionHandler.process(AbstractProtocol.java:757)
	at org.apache.tomcat.util.net.NioEndpoint$SocketProcessor.run(NioEndpoint.java:1515)
	at java.util.concurrent.ThreadPoolExecutor.runWorker(ThreadPoolExecutor.java:1142)
	at java.util.concurrent.ThreadPoolExecutor$Worker.run(ThreadPoolExecutor.java:617)
	at org.apache.tomcat.util.threads.TaskThread$WrappingRunnable.run(TaskThread.java:61)
	at java.lang.Thread.run(Thread.java:745)

02-Jun-2016 14:09:41.051 SEVERE [http-nio-8080-exec-9] org.apache.coyote.http11.Http11Processor.endRequest Error finishing response
 java.lang.NullPointerException
	at org.apache.coyote.http11.Http11OutputBuffer.commit(Http11OutputBuffer.java:351)
	at org.apache.coyote.http11.Http11Processor.action(Http11Processor.java:647)
	at org.apache.coyote.http11.Http11Processor.endRequest(Http11Processor.java:1772)
	at org.apache.coyote.http11.Http11Processor.service(Http11Processor.java:1121)
	at org.apache.coyote.AbstractProcessorLight.process(AbstractProcessorLight.java:75)
	at org.apache.coyote.AbstractProtocol$ConnectionHandler.process(AbstractProtocol.java:757)
	at org.apache.tomcat.util.net.NioEndpoint$SocketProcessor.run(NioEndpoint.java:1515)
	at java.util.concurrent.ThreadPoolExecutor.runWorker(ThreadPoolExecutor.java:1142)
	at java.util.concurrent.ThreadPoolExecutor$Worker.run(ThreadPoolExecutor.java:617)
	at org.apache.tomcat.util.threads.TaskThread$WrappingRunnable.run(TaskThread.java:61)
	at java.lang.Thread.run(Thread.java:745)

02-Jun-2016 14:10:11.228 SEVERE [http-nio-8080-exec-12] org.apache.coyote.http11.Http11Processor.service Error processing request
 java.lang.NullPointerException
	at org.apache.catalina.connector.CoyoteAdapter.service(CoyoteAdapter.java:386)
	at org.apache.coyote.http11.Http11Processor.service(Http11Processor.java:1080)
	at org.apache.coyote.AbstractProcessorLight.process(AbstractProcessorLight.java:75)
	at org.apache.coyote.AbstractProtocol$ConnectionHandler.process(AbstractProtocol.java:757)
	at org.apache.tomcat.util.net.NioEndpoint$SocketProcessor.run(NioEndpoint.java:1515)
	at java.util.concurrent.ThreadPoolExecutor.runWorker(ThreadPoolExecutor.java:1142)
	at java.util.concurrent.ThreadPoolExecutor$Worker.run(ThreadPoolExecutor.java:617)
	at org.apache.tomcat.util.threads.TaskThread$WrappingRunnable.run(TaskThread.java:61)
	at java.lang.Thread.run(Thread.java:745)

02-Jun-2016 14:10:11.229 SEVERE [http-nio-8080-exec-6] org.apache.coyote.http11.Http11Processor.service Error processing request
 java.lang.NullPointerException
	at org.apache.catalina.connector.Request.notifyAttributeAssigned(Request.java:1463)
	at org.apache.catalina.connector.Request.setAttribute(Request.java:1453)
	at org.apache.catalina.core.StandardHostValve.invoke(StandardHostValve.java:157)
	at org.apache.catalina.valves.ErrorReportValve.invoke(ErrorReportValve.java:79)
	at org.apache.catalina.valves.AbstractAccessLogValve.invoke(AbstractAccessLogValve.java:616)
	at org.apache.catalina.core.StandardEngineValve.invoke(StandardEngineValve.java:87)
	at org.apache.catalina.connector.CoyoteAdapter.service(CoyoteAdapter.java:361)
	at org.apache.coyote.http11.Http11Processor.service(Http11Processor.java:1080)
	at org.apache.coyote.AbstractProcessorLight.process(AbstractProcessorLight.java:75)
	at org.apache.coyote.AbstractProtocol$ConnectionHandler.process(AbstractProtocol.java:757)
	at org.apache.tomcat.util.net.NioEndpoint$SocketProcessor.run(NioEndpoint.java:1515)
	at java.util.concurrent.ThreadPoolExecutor.runWorker(ThreadPoolExecutor.java:1142)
	at java.util.concurrent.ThreadPoolExecutor$Worker.run(ThreadPoolExecutor.java:617)
	at org.apache.tomcat.util.threads.TaskThread$WrappingRunnable.run(TaskThread.java:61)
	at java.lang.Thread.run(Thread.java:745)

02-Jun-2016 14:10:11.236 SEVERE [http-nio-8080-exec-6] org.apache.coyote.http11.Http11Processor.endRequest Error finishing response
 java.lang.NullPointerException
	at org.apache.coyote.http11.Http11OutputBuffer.commit(Http11OutputBuffer.java:351)
	at org.apache.coyote.http11.Http11Processor.action(Http11Processor.java:647)
	at org.apache.coyote.http11.Http11Processor.endRequest(Http11Processor.java:1772)
	at org.apache.coyote.http11.Http11Processor.service(Http11Processor.java:1121)
	at org.apache.coyote.AbstractProcessorLight.process(AbstractProcessorLight.java:75)
	at org.apache.coyote.AbstractProtocol$ConnectionHandler.process(AbstractProtocol.java:757)
	at org.apache.tomcat.util.net.NioEndpoint$SocketProcessor.run(NioEndpoint.java:1515)
	at java.util.concurrent.ThreadPoolExecutor.runWorker(ThreadPoolExecutor.java:1142)
	at java.util.concurrent.ThreadPoolExecutor$Worker.run(ThreadPoolExecutor.java:617)
	at org.apache.tomcat.util.threads.TaskThread$WrappingRunnable.run(TaskThread.java:61)
	at java.lang.Thread.run(Thread.java:745)

02-Jun-2016 14:10:11.241 SEVERE [http-nio-8080-exec-6] org.apache.coyote.http11.Http11Processor.endRequest Error finishing response
 java.lang.NullPointerException
	at org.apache.coyote.http11.Http11OutputBuffer.commit(Http11OutputBuffer.java:351)
	at org.apache.coyote.http11.Http11Processor.action(Http11Processor.java:647)
	at org.apache.coyote.http11.Http11Processor.endRequest(Http11Processor.java:1772)
	at org.apache.coyote.http11.Http11Processor.service(Http11Processor.java:1121)
	at org.apache.coyote.AbstractProcessorLight.process(AbstractProcessorLight.java:75)
	at org.apache.coyote.AbstractProtocol$ConnectionHandler.process(AbstractProtocol.java:757)
	at org.apache.tomcat.util.net.NioEndpoint$SocketProcessor.run(NioEndpoint.java:1515)
	at java.util.concurrent.ThreadPoolExecutor.runWorker(ThreadPoolExecutor.java:1142)
	at java.util.concurrent.ThreadPoolExecutor$Worker.run(ThreadPoolExecutor.java:617)
	at org.apache.tomcat.util.threads.TaskThread$WrappingRunnable.run(TaskThread.java:61)
	at java.lang.Thread.run(Thread.java:745)

02-Jun-2016 14:10:11.264 SEVERE [http-nio-8080-exec-10] org.apache.coyote.http11.Http11Processor.endRequest Error finishing response
 java.lang.NullPointerException
	at org.apache.coyote.http11.Http11OutputBuffer.commit(Http11OutputBuffer.java:351)
	at org.apache.coyote.http11.Http11Processor.action(Http11Processor.java:647)
	at org.apache.coyote.http11.Http11Processor.endRequest(Http11Processor.java:1772)
	at org.apache.coyote.http11.Http11Processor.service(Http11Processor.java:1121)
	at org.apache.coyote.AbstractProcessorLight.process(AbstractProcessorLight.java:75)
	at org.apache.coyote.AbstractProtocol$ConnectionHandler.process(AbstractProtocol.java:757)
	at org.apache.tomcat.util.net.NioEndpoint$SocketProcessor.run(NioEndpoint.java:1515)
	at java.util.concurrent.ThreadPoolExecutor.runWorker(ThreadPoolExecutor.java:1142)
	at java.util.concurrent.ThreadPoolExecutor$Worker.run(ThreadPoolExecutor.java:617)
	at org.apache.tomcat.util.threads.TaskThread$WrappingRunnable.run(TaskThread.java:61)
	at java.lang.Thread.run(Thread.java:745)

02-Jun-2016 14:10:11.278 SEVERE [http-nio-8080-exec-10] org.apache.coyote.http11.Http11Processor.endRequest Error finishing response
 java.lang.NullPointerException
	at org.apache.coyote.http11.Http11OutputBuffer.commit(Http11OutputBuffer.java:351)
	at org.apache.coyote.http11.Http11Processor.action(Http11Processor.java:647)
	at org.apache.coyote.http11.Http11Processor.endRequest(Http11Processor.java:1772)
	at org.apache.coyote.http11.Http11Processor.service(Http11Processor.java:1121)
	at org.apache.coyote.AbstractProcessorLight.process(AbstractProcessorLight.java:75)
	at org.apache.coyote.AbstractProtocol$ConnectionHandler.process(AbstractProtocol.java:757)
	at org.apache.tomcat.util.net.NioEndpoint$SocketProcessor.run(NioEndpoint.java:1515)
	at java.util.concurrent.ThreadPoolExecutor.runWorker(ThreadPoolExecutor.java:1142)
	at java.util.concurrent.ThreadPoolExecutor$Worker.run(ThreadPoolExecutor.java:617)
	at org.apache.tomcat.util.threads.TaskThread$WrappingRunnable.run(TaskThread.java:61)
	at java.lang.Thread.run(Thread.java:745)

02-Jun-2016 14:10:11.281 SEVERE [http-nio-8080-exec-10] org.apache.coyote.http11.Http11Processor.endRequest Error finishing response
 java.lang.NullPointerException
	at org.apache.coyote.http11.Http11OutputBuffer.commit(Http11OutputBuffer.java:351)
	at org.apache.coyote.http11.Http11Processor.action(Http11Processor.java:647)
	at org.apache.coyote.http11.Http11Processor.endRequest(Http11Processor.java:1772)
	at org.apache.coyote.http11.Http11Processor.service(Http11Processor.java:1121)
	at org.apache.coyote.AbstractProcessorLight.process(AbstractProcessorLight.java:75)
	at org.apache.coyote.AbstractProtocol$ConnectionHandler.process(AbstractProtocol.java:757)
	at org.apache.tomcat.util.net.NioEndpoint$SocketProcessor.run(NioEndpoint.java:1515)
	at java.util.concurrent.ThreadPoolExecutor.runWorker(ThreadPoolExecutor.java:1142)
	at java.util.concurrent.ThreadPoolExecutor$Worker.run(ThreadPoolExecutor.java:617)
	at org.apache.tomcat.util.threads.TaskThread$WrappingRunnable.run(TaskThread.java:61)
	at java.lang.Thread.run(Thread.java:745)

02-Jun-2016 14:10:11.350 SEVERE [http-nio-8080-exec-13] org.apache.coyote.http11.Http11Processor.service Error processing request
 java.lang.NullPointerException
	at org.apache.catalina.connector.CoyoteAdapter.service(CoyoteAdapter.java:386)
	at org.apache.coyote.http11.Http11Processor.service(Http11Processor.java:1080)
	at org.apache.coyote.AbstractProcessorLight.process(AbstractProcessorLight.java:75)
	at org.apache.coyote.AbstractProtocol$ConnectionHandler.process(AbstractProtocol.java:757)
	at org.apache.tomcat.util.net.NioEndpoint$SocketProcessor.run(NioEndpoint.java:1515)
	at java.util.concurrent.ThreadPoolExecutor.runWorker(ThreadPoolExecutor.java:1142)
	at java.util.concurrent.ThreadPoolExecutor$Worker.run(ThreadPoolExecutor.java:617)
	at org.apache.tomcat.util.threads.TaskThread$WrappingRunnable.run(TaskThread.java:61)
	at java.lang.Thread.run(Thread.java:745)

02-Jun-2016 14:10:11.357 INFO [http-nio-8080-exec-6] org.apache.catalina.connector.CoyoteAdapter.checkRecycled Encountered a non-recycled request and recycled it forcedly.
 org.apache.catalina.connector.CoyoteAdapter$RecycleRequiredException
	at org.apache.catalina.connector.CoyoteAdapter.checkRecycled(CoyoteAdapter.java:524)
	at org.apache.coyote.http11.Http11Processor.recycle(Http11Processor.java:1819)
	at org.apache.coyote.AbstractProtocol$ConnectionHandler.release(AbstractProtocol.java:920)
	at org.apache.coyote.AbstractProtocol$ConnectionHandler.process(AbstractProtocol.java:809)
	at org.apache.tomcat.util.net.NioEndpoint$SocketProcessor.run(NioEndpoint.java:1515)
	at java.util.concurrent.ThreadPoolExecutor.runWorker(ThreadPoolExecutor.java:1142)
	at java.util.concurrent.ThreadPoolExecutor$Worker.run(ThreadPoolExecutor.java:617)
	at org.apache.tomcat.util.threads.TaskThread$WrappingRunnable.run(TaskThread.java:61)
	at java.lang.Thread.run(Thread.java:745)

02-Jun-2016 14:10:11.358 SEVERE [http-nio-8080-exec-7] org.apache.coyote.http11.Http11Processor.service Error processing request
 java.lang.NullPointerException
	at org.apache.catalina.connector.CoyoteAdapter.service(CoyoteAdapter.java:386)
	at org.apache.coyote.http11.Http11Processor.service(Http11Processor.java:1080)
	at org.apache.coyote.AbstractProcessorLight.process(AbstractProcessorLight.java:75)
	at org.apache.coyote.AbstractProtocol$ConnectionHandler.process(AbstractProtocol.java:757)
	at org.apache.tomcat.util.net.NioEndpoint$SocketProcessor.run(NioEndpoint.java:1515)
	at java.util.concurrent.ThreadPoolExecutor.runWorker(ThreadPoolExecutor.java:1142)
	at java.util.concurrent.ThreadPoolExecutor$Worker.run(ThreadPoolExecutor.java:617)
	at org.apache.tomcat.util.threads.TaskThread$WrappingRunnable.run(TaskThread.java:61)
	at java.lang.Thread.run(Thread.java:745)

02-Jun-2016 14:10:11.359 SEVERE [http-nio-8080-exec-8] org.apache.coyote.http11.Http11Processor.service Error processing request
 java.lang.NullPointerException
	at org.apache.coyote.http11.Http11OutputBuffer.commit(Http11OutputBuffer.java:351)
	at org.apache.coyote.http11.Http11Processor.action(Http11Processor.java:647)
	at org.apache.coyote.Response.action(Response.java:169)
	at org.apache.coyote.Response.sendHeaders(Response.java:354)
	at org.apache.catalina.connector.OutputBuffer.doFlush(OutputBuffer.java:320)
	at org.apache.catalina.connector.OutputBuffer.close(OutputBuffer.java:280)
	at org.apache.catalina.connector.Response.finishResponse(Response.java:452)
	at org.apache.catalina.connector.CoyoteAdapter.service(CoyoteAdapter.java:382)
	at org.apache.coyote.http11.Http11Processor.service(Http11Processor.java:1080)
	at org.apache.coyote.AbstractProcessorLight.process(AbstractProcessorLight.java:75)
	at org.apache.coyote.AbstractProtocol$ConnectionHandler.process(AbstractProtocol.java:757)
	at org.apache.tomcat.util.net.NioEndpoint$SocketProcessor.run(NioEndpoint.java:1515)
	at java.util.concurrent.ThreadPoolExecutor.runWorker(ThreadPoolExecutor.java:1142)
	at java.util.concurrent.ThreadPoolExecutor$Worker.run(ThreadPoolExecutor.java:617)
	at org.apache.tomcat.util.threads.TaskThread$WrappingRunnable.run(TaskThread.java:61)
	at java.lang.Thread.run(Thread.java:745)

02-Jun-2016 14:10:11.362 SEVERE [http-nio-8080-exec-13] org.apache.coyote.http11.Http11Processor.endRequest Error finishing response
 java.lang.NullPointerException
	at org.apache.coyote.http11.Http11OutputBuffer.flushBuffer(Http11OutputBuffer.java:533)
	at org.apache.coyote.http11.Http11OutputBuffer.endRequest(Http11OutputBuffer.java:318)
	at org.apache.coyote.http11.Http11Processor.endRequest(Http11Processor.java:1773)
	at org.apache.coyote.http11.Http11Processor.service(Http11Processor.java:1121)
	at org.apache.coyote.AbstractProcessorLight.process(AbstractProcessorLight.java:75)
	at org.apache.coyote.AbstractProtocol$ConnectionHandler.process(AbstractProtocol.java:757)
	at org.apache.tomcat.util.net.NioEndpoint$SocketProcessor.run(NioEndpoint.java:1515)
	at java.util.concurrent.ThreadPoolExecutor.runWorker(ThreadPoolExecutor.java:1142)
	at java.util.concurrent.ThreadPoolExecutor$Worker.run(ThreadPoolExecutor.java:617)
	at org.apache.tomcat.util.threads.TaskThread$WrappingRunnable.run(TaskThread.java:61)
	at java.lang.Thread.run(Thread.java:745)

02-Jun-2016 14:10:11.370 SEVERE [http-nio-8080-exec-7] org.apache.coyote.http11.Http11Processor.endRequest Error finishing response
 java.lang.NullPointerException
	at org.apache.coyote.http11.Http11OutputBuffer.commit(Http11OutputBuffer.java:351)
	at org.apache.coyote.http11.Http11Processor.action(Http11Processor.java:647)
	at org.apache.coyote.http11.Http11Processor.endRequest(Http11Processor.java:1772)
	at org.apache.coyote.http11.Http11Processor.service(Http11Processor.java:1121)
	at org.apache.coyote.AbstractProcessorLight.process(AbstractProcessorLight.java:75)
	at org.apache.coyote.AbstractProtocol$ConnectionHandler.process(AbstractProtocol.java:757)
	at org.apache.tomcat.util.net.NioEndpoint$SocketProcessor.run(NioEndpoint.java:1515)
	at java.util.concurrent.ThreadPoolExecutor.runWorker(ThreadPoolExecutor.java:1142)
	at java.util.concurrent.ThreadPoolExecutor$Worker.run(ThreadPoolExecutor.java:617)
	at org.apache.tomcat.util.threads.TaskThread$WrappingRunnable.run(TaskThread.java:61)
	at java.lang.Thread.run(Thread.java:745)

02-Jun-2016 14:10:11.373 SEVERE [http-nio-8080-exec-8] org.apache.coyote.http11.Http11Processor.endRequest Error finishing response
 java.lang.NullPointerException
	at org.apache.coyote.http11.Http11OutputBuffer.commit(Http11OutputBuffer.java:351)
	at org.apache.coyote.http11.Http11Processor.action(Http11Processor.java:647)
	at org.apache.coyote.http11.Http11Processor.endRequest(Http11Processor.java:1772)
	at org.apache.coyote.http11.Http11Processor.service(Http11Processor.java:1121)
	at org.apache.coyote.AbstractProcessorLight.process(AbstractProcessorLight.java:75)
	at org.apache.coyote.AbstractProtocol$ConnectionHandler.process(AbstractProtocol.java:757)
	at org.apache.tomcat.util.net.NioEndpoint$SocketProcessor.run(NioEndpoint.java:1515)
	at java.util.concurrent.ThreadPoolExecutor.runWorker(ThreadPoolExecutor.java:1142)
	at java.util.concurrent.ThreadPoolExecutor$Worker.run(ThreadPoolExecutor.java:617)
	at org.apache.tomcat.util.threads.TaskThread$WrappingRunnable.run(TaskThread.java:61)
	at java.lang.Thread.run(Thread.java:745)

02-Jun-2016 14:10:11.376 SEVERE [http-nio-8080-exec-7] org.apache.coyote.http11.Http11Processor.endRequest Error finishing response
 java.lang.NullPointerException
	at org.apache.coyote.http11.Http11OutputBuffer.commit(Http11OutputBuffer.java:351)
	at org.apache.coyote.http11.Http11Processor.action(Http11Processor.java:647)
	at org.apache.coyote.http11.Http11Processor.endRequest(Http11Processor.java:1772)
	at org.apache.coyote.http11.Http11Processor.service(Http11Processor.java:1121)
	at org.apache.coyote.AbstractProcessorLight.process(AbstractProcessorLight.java:75)
	at org.apache.coyote.AbstractProtocol$ConnectionHandler.process(AbstractProtocol.java:757)
	at org.apache.tomcat.util.net.NioEndpoint$SocketProcessor.run(NioEndpoint.java:1515)
	at java.util.concurrent.ThreadPoolExecutor.runWorker(ThreadPoolExecutor.java:1142)
	at java.util.concurrent.ThreadPoolExecutor$Worker.run(ThreadPoolExecutor.java:617)
	at org.apache.tomcat.util.threads.TaskThread$WrappingRunnable.run(TaskThread.java:61)
	at java.lang.Thread.run(Thread.java:745)

02-Jun-2016 14:10:15.263 SEVERE [http-nio-8080-exec-12] org.apache.coyote.http11.Http11Processor.service Error processing request
 java.lang.NullPointerException
	at org.apache.catalina.connector.Request.notifyAttributeAssigned(Request.java:1463)
	at org.apache.catalina.connector.Request.setAttribute(Request.java:1453)
	at org.apache.catalina.core.StandardHostValve.invoke(StandardHostValve.java:157)
	at org.apache.catalina.valves.ErrorReportValve.invoke(ErrorReportValve.java:79)
	at org.apache.catalina.valves.AbstractAccessLogValve.invoke(AbstractAccessLogValve.java:616)
	at org.apache.catalina.core.StandardEngineValve.invoke(StandardEngineValve.java:87)
	at org.apache.catalina.connector.CoyoteAdapter.service(CoyoteAdapter.java:361)
	at org.apache.coyote.http11.Http11Processor.service(Http11Processor.java:1080)
	at org.apache.coyote.AbstractProcessorLight.process(AbstractProcessorLight.java:75)
	at org.apache.coyote.AbstractProtocol$ConnectionHandler.process(AbstractProtocol.java:757)
	at org.apache.tomcat.util.net.NioEndpoint$SocketProcessor.run(NioEndpoint.java:1515)
	at java.util.concurrent.ThreadPoolExecutor.runWorker(ThreadPoolExecutor.java:1142)
	at java.util.concurrent.ThreadPoolExecutor$Worker.run(ThreadPoolExecutor.java:617)
	at org.apache.tomcat.util.threads.TaskThread$WrappingRunnable.run(TaskThread.java:61)
	at java.lang.Thread.run(Thread.java:745)

02-Jun-2016 14:10:15.263 SEVERE [http-nio-8080-exec-5] org.apache.coyote.http11.Http11Processor.service Error processing request
 java.lang.NullPointerException
	at org.apache.catalina.connector.Request.parseCookies(Request.java:2931)
	at org.apache.catalina.connector.Request.getServerCookies(Request.java:1983)
	at org.apache.catalina.connector.CoyoteAdapter.parseSessionCookiesId(CoyoteAdapter.java:1021)
	at org.apache.catalina.connector.CoyoteAdapter.postParseRequest(CoyoteAdapter.java:730)
	at org.apache.catalina.connector.CoyoteAdapter.service(CoyoteAdapter.java:356)
	at org.apache.coyote.http11.Http11Processor.service(Http11Processor.java:1080)
	at org.apache.coyote.AbstractProcessorLight.process(AbstractProcessorLight.java:75)
	at org.apache.coyote.AbstractProtocol$ConnectionHandler.process(AbstractProtocol.java:757)
	at org.apache.tomcat.util.net.NioEndpoint$SocketProcessor.run(NioEndpoint.java:1515)
	at java.util.concurrent.ThreadPoolExecutor.runWorker(ThreadPoolExecutor.java:1142)
	at java.util.concurrent.ThreadPoolExecutor$Worker.run(ThreadPoolExecutor.java:617)
	at org.apache.tomcat.util.threads.TaskThread$WrappingRunnable.run(TaskThread.java:61)
	at java.lang.Thread.run(Thread.java:745)

02-Jun-2016 14:10:15.278 SEVERE [http-nio-8080-exec-13] org.apache.coyote.http11.Http11Processor.service Error processing request
 java.lang.NullPointerException
	at org.apache.tomcat.util.buf.MessageBytes.toChars(MessageBytes.java:244)
	at org.apache.catalina.connector.CoyoteAdapter.postParseRequest(CoyoteAdapter.java:664)
	at org.apache.catalina.connector.CoyoteAdapter.service(CoyoteAdapter.java:356)
	at org.apache.coyote.http11.Http11Processor.service(Http11Processor.java:1080)
	at org.apache.coyote.AbstractProcessorLight.process(AbstractProcessorLight.java:75)
	at org.apache.coyote.AbstractProtocol$ConnectionHandler.process(AbstractProtocol.java:757)
	at org.apache.tomcat.util.net.NioEndpoint$SocketProcessor.run(NioEndpoint.java:1515)
	at java.util.concurrent.ThreadPoolExecutor.runWorker(ThreadPoolExecutor.java:1142)
	at java.util.concurrent.ThreadPoolExecutor$Worker.run(ThreadPoolExecutor.java:617)
	at org.apache.tomcat.util.threads.TaskThread$WrappingRunnable.run(TaskThread.java:61)
	at java.lang.Thread.run(Thread.java:745)

02-Jun-2016 14:10:15.289 SEVERE [http-nio-8080-exec-12] org.apache.coyote.http11.Http11Processor.endRequest Error finishing response
 java.lang.NullPointerException
	at org.apache.coyote.http11.Http11OutputBuffer.commit(Http11OutputBuffer.java:351)
	at org.apache.coyote.http11.Http11Processor.action(Http11Processor.java:647)
	at org.apache.coyote.http11.Http11Processor.endRequest(Http11Processor.java:1772)
	at org.apache.coyote.http11.Http11Processor.service(Http11Processor.java:1121)
	at org.apache.coyote.AbstractProcessorLight.process(AbstractProcessorLight.java:75)
	at org.apache.coyote.AbstractProtocol$ConnectionHandler.process(AbstractProtocol.java:757)
	at org.apache.tomcat.util.net.NioEndpoint$SocketProcessor.run(NioEndpoint.java:1515)
	at java.util.concurrent.ThreadPoolExecutor.runWorker(ThreadPoolExecutor.java:1142)
	at java.util.concurrent.ThreadPoolExecutor$Worker.run(ThreadPoolExecutor.java:617)
	at org.apache.tomcat.util.threads.TaskThread$WrappingRunnable.run(TaskThread.java:61)
	at java.lang.Thread.run(Thread.java:745)

02-Jun-2016 14:10:15.297 SEVERE [http-nio-8080-exec-13] org.apache.coyote.http11.Http11Processor.endRequest Error finishing response
 java.lang.NullPointerException
	at org.apache.coyote.http11.Http11OutputBuffer.commit(Http11OutputBuffer.java:351)
	at org.apache.coyote.http11.Http11Processor.action(Http11Processor.java:647)
	at org.apache.coyote.http11.Http11Processor.endRequest(Http11Processor.java:1772)
	at org.apache.coyote.http11.Http11Processor.service(Http11Processor.java:1121)
	at org.apache.coyote.AbstractProcessorLight.process(AbstractProcessorLight.java:75)
	at org.apache.coyote.AbstractProtocol$ConnectionHandler.process(AbstractProtocol.java:757)
	at org.apache.tomcat.util.net.NioEndpoint$SocketProcessor.run(NioEndpoint.java:1515)
	at java.util.concurrent.ThreadPoolExecutor.runWorker(ThreadPoolExecutor.java:1142)
	at java.util.concurrent.ThreadPoolExecutor$Worker.run(ThreadPoolExecutor.java:617)
	at org.apache.tomcat.util.threads.TaskThread$WrappingRunnable.run(TaskThread.java:61)
	at java.lang.Thread.run(Thread.java:745)

02-Jun-2016 14:10:15.311 SEVERE [http-nio-8080-exec-13] org.apache.coyote.http11.Http11Processor.endRequest Error finishing response
 java.lang.NullPointerException
	at org.apache.coyote.http11.Http11OutputBuffer.commit(Http11OutputBuffer.java:351)
	at org.apache.coyote.http11.Http11Processor.action(Http11Processor.java:647)
	at org.apache.coyote.http11.Http11Processor.endRequest(Http11Processor.java:1772)
	at org.apache.coyote.http11.Http11Processor.service(Http11Processor.java:1121)
	at org.apache.coyote.AbstractProcessorLight.process(AbstractProcessorLight.java:75)
	at org.apache.coyote.AbstractProtocol$ConnectionHandler.process(AbstractProtocol.java:757)
	at org.apache.tomcat.util.net.NioEndpoint$SocketProcessor.run(NioEndpoint.java:1515)
	at java.util.concurrent.ThreadPoolExecutor.runWorker(ThreadPoolExecutor.java:1142)
	at java.util.concurrent.ThreadPoolExecutor$Worker.run(ThreadPoolExecutor.java:617)
	at org.apache.tomcat.util.threads.TaskThread$WrappingRunnable.run(TaskThread.java:61)
	at java.lang.Thread.run(Thread.java:745)

02-Jun-2016 14:10:16.998 SEVERE [http-nio-8080-exec-12] org.apache.coyote.http11.Http11Processor.service Error processing request
 java.lang.NullPointerException
	at org.apache.coyote.http11.Http11OutputBuffer.commit(Http11OutputBuffer.java:351)
	at org.apache.coyote.http11.Http11Processor.action(Http11Processor.java:647)
	at org.apache.coyote.Response.action(Response.java:169)
	at org.apache.coyote.Response.sendHeaders(Response.java:354)
	at org.apache.catalina.connector.OutputBuffer.doFlush(OutputBuffer.java:320)
	at org.apache.catalina.connector.OutputBuffer.close(OutputBuffer.java:280)
	at org.apache.catalina.connector.Response.finishResponse(Response.java:452)
	at org.apache.catalina.connector.CoyoteAdapter.service(CoyoteAdapter.java:382)
	at org.apache.coyote.http11.Http11Processor.service(Http11Processor.java:1080)
	at org.apache.coyote.AbstractProcessorLight.process(AbstractProcessorLight.java:75)
	at org.apache.coyote.AbstractProtocol$ConnectionHandler.process(AbstractProtocol.java:757)
	at org.apache.tomcat.util.net.NioEndpoint$SocketProcessor.run(NioEndpoint.java:1515)
	at java.util.concurrent.ThreadPoolExecutor.runWorker(ThreadPoolExecutor.java:1142)
	at java.util.concurrent.ThreadPoolExecutor$Worker.run(ThreadPoolExecutor.java:617)
	at org.apache.tomcat.util.threads.TaskThread$WrappingRunnable.run(TaskThread.java:61)
	at java.lang.Thread.run(Thread.java:745)

02-Jun-2016 14:10:17.003 SEVERE [http-nio-8080-exec-12] org.apache.coyote.http11.Http11Processor.endRequest Error finishing response
 java.lang.NullPointerException
	at org.apache.coyote.http11.Http11OutputBuffer.commit(Http11OutputBuffer.java:351)
	at org.apache.coyote.http11.Http11Processor.action(Http11Processor.java:647)
	at org.apache.coyote.http11.Http11Processor.endRequest(Http11Processor.java:1772)
	at org.apache.coyote.http11.Http11Processor.service(Http11Processor.java:1121)
	at org.apache.coyote.AbstractProcessorLight.process(AbstractProcessorLight.java:75)
	at org.apache.coyote.AbstractProtocol$ConnectionHandler.process(AbstractProtocol.java:757)
	at org.apache.tomcat.util.net.NioEndpoint$SocketProcessor.run(NioEndpoint.java:1515)
	at java.util.concurrent.ThreadPoolExecutor.runWorker(ThreadPoolExecutor.java:1142)
	at java.util.concurrent.ThreadPoolExecutor$Worker.run(ThreadPoolExecutor.java:617)
	at org.apache.tomcat.util.threads.TaskThread$WrappingRunnable.run(TaskThread.java:61)
	at java.lang.Thread.run(Thread.java:745)

02-Jun-2016 14:10:17.104 SEVERE [http-nio-8080-exec-14] org.apache.coyote.http11.Http11Processor.service Error processing request
 java.lang.NullPointerException
	at org.apache.catalina.connector.Request.notifyAttributeAssigned(Request.java:1463)
	at org.apache.catalina.connector.Request.setAttribute(Request.java:1453)
	at org.apache.catalina.core.StandardHostValve.invoke(StandardHostValve.java:157)
	at org.apache.catalina.valves.ErrorReportValve.invoke(ErrorReportValve.java:79)
	at org.apache.catalina.valves.AbstractAccessLogValve.invoke(AbstractAccessLogValve.java:616)
	at org.apache.catalina.core.StandardEngineValve.invoke(StandardEngineValve.java:87)
	at org.apache.catalina.connector.CoyoteAdapter.service(CoyoteAdapter.java:361)
	at org.apache.coyote.http11.Http11Processor.service(Http11Processor.java:1080)
	at org.apache.coyote.AbstractProcessorLight.process(AbstractProcessorLight.java:75)
	at org.apache.coyote.AbstractProtocol$ConnectionHandler.process(AbstractProtocol.java:757)
	at org.apache.tomcat.util.net.NioEndpoint$SocketProcessor.run(NioEndpoint.java:1515)
	at java.util.concurrent.ThreadPoolExecutor.runWorker(ThreadPoolExecutor.java:1142)
	at java.util.concurrent.ThreadPoolExecutor$Worker.run(ThreadPoolExecutor.java:617)
	at org.apache.tomcat.util.threads.TaskThread$WrappingRunnable.run(TaskThread.java:61)
	at java.lang.Thread.run(Thread.java:745)

02-Jun-2016 14:10:17.138 SEVERE [http-nio-8080-exec-7] org.apache.coyote.http11.Http11Processor.service Error processing request
 java.lang.NullPointerException
	at org.apache.catalina.connector.CoyoteAdapter.service(CoyoteAdapter.java:386)
	at org.apache.coyote.http11.Http11Processor.service(Http11Processor.java:1080)
	at org.apache.coyote.AbstractProcessorLight.process(AbstractProcessorLight.java:75)
	at org.apache.coyote.AbstractProtocol$ConnectionHandler.process(AbstractProtocol.java:757)
	at org.apache.tomcat.util.net.NioEndpoint$SocketProcessor.run(NioEndpoint.java:1515)
	at java.util.concurrent.ThreadPoolExecutor.runWorker(ThreadPoolExecutor.java:1142)
	at java.util.concurrent.ThreadPoolExecutor$Worker.run(ThreadPoolExecutor.java:617)
	at org.apache.tomcat.util.threads.TaskThread$WrappingRunnable.run(TaskThread.java:61)
	at java.lang.Thread.run(Thread.java:745)

02-Jun-2016 14:10:17.148 INFO [http-nio-8080-exec-12] org.apache.catalina.connector.CoyoteAdapter.checkRecycled Encountered a non-recycled request and recycled it forcedly.
 org.apache.catalina.connector.CoyoteAdapter$RecycleRequiredException
	at org.apache.catalina.connector.CoyoteAdapter.checkRecycled(CoyoteAdapter.java:524)
	at org.apache.coyote.http11.Http11Processor.recycle(Http11Processor.java:1819)
	at org.apache.coyote.AbstractProtocol$ConnectionHandler.release(AbstractProtocol.java:920)
	at org.apache.coyote.AbstractProtocol$ConnectionHandler.process(AbstractProtocol.java:848)
	at org.apache.tomcat.util.net.NioEndpoint$SocketProcessor.run(NioEndpoint.java:1515)
	at java.util.concurrent.ThreadPoolExecutor.runWorker(ThreadPoolExecutor.java:1142)
	at java.util.concurrent.ThreadPoolExecutor$Worker.run(ThreadPoolExecutor.java:617)
	at org.apache.tomcat.util.threads.TaskThread$WrappingRunnable.run(TaskThread.java:61)
	at java.lang.Thread.run(Thread.java:745)

02-Jun-2016 14:10:17.148 SEVERE [http-nio-8080-exec-9] org.apache.coyote.http11.Http11Processor.service Error processing request
 java.lang.NullPointerException
	at org.apache.coyote.http11.Http11OutputBuffer.commit(Http11OutputBuffer.java:351)
	at org.apache.coyote.http11.Http11Processor.action(Http11Processor.java:647)
	at org.apache.coyote.Response.action(Response.java:169)
	at org.apache.coyote.Response.sendHeaders(Response.java:354)
	at org.apache.catalina.connector.OutputBuffer.doFlush(OutputBuffer.java:320)
	at org.apache.catalina.connector.OutputBuffer.close(OutputBuffer.java:280)
	at org.apache.catalina.connector.Response.finishResponse(Response.java:452)
	at org.apache.catalina.connector.CoyoteAdapter.service(CoyoteAdapter.java:382)
	at org.apache.coyote.http11.Http11Processor.service(Http11Processor.java:1080)
	at org.apache.coyote.AbstractProcessorLight.process(AbstractProcessorLight.java:75)
	at org.apache.coyote.AbstractProtocol$ConnectionHandler.process(AbstractProtocol.java:757)
	at org.apache.tomcat.util.net.NioEndpoint$SocketProcessor.run(NioEndpoint.java:1515)
	at java.util.concurrent.ThreadPoolExecutor.runWorker(ThreadPoolExecutor.java:1142)
	at java.util.concurrent.ThreadPoolExecutor$Worker.run(ThreadPoolExecutor.java:617)
	at org.apache.tomcat.util.threads.TaskThread$WrappingRunnable.run(TaskThread.java:61)
	at java.lang.Thread.run(Thread.java:745)

02-Jun-2016 14:10:17.154 SEVERE [http-nio-8080-exec-7] org.apache.coyote.http11.Http11Processor.endRequest Error finishing response
 java.lang.NullPointerException
	at org.apache.coyote.http11.Http11OutputBuffer.commit(Http11OutputBuffer.java:351)
	at org.apache.coyote.http11.Http11Processor.action(Http11Processor.java:647)
	at org.apache.coyote.http11.Http11Processor.endRequest(Http11Processor.java:1772)
	at org.apache.coyote.http11.Http11Processor.service(Http11Processor.java:1121)
	at org.apache.coyote.AbstractProcessorLight.process(AbstractProcessorLight.java:75)
	at org.apache.coyote.AbstractProtocol$ConnectionHandler.process(AbstractProtocol.java:757)
	at org.apache.tomcat.util.net.NioEndpoint$SocketProcessor.run(NioEndpoint.java:1515)
	at java.util.concurrent.ThreadPoolExecutor.runWorker(ThreadPoolExecutor.java:1142)
	at java.util.concurrent.ThreadPoolExecutor$Worker.run(ThreadPoolExecutor.java:617)
	at org.apache.tomcat.util.threads.TaskThread$WrappingRunnable.run(TaskThread.java:61)
	at java.lang.Thread.run(Thread.java:745)

02-Jun-2016 14:10:17.186 SEVERE [http-nio-8080-exec-7] org.apache.coyote.http11.Http11Processor.endRequest Error finishing response
 java.lang.NullPointerException
	at org.apache.coyote.http11.Http11OutputBuffer.commit(Http11OutputBuffer.java:351)
	at org.apache.coyote.http11.Http11Processor.action(Http11Processor.java:647)
	at org.apache.coyote.http11.Http11Processor.endRequest(Http11Processor.java:1772)
	at org.apache.coyote.http11.Http11Processor.service(Http11Processor.java:1121)
	at org.apache.coyote.AbstractProcessorLight.process(AbstractProcessorLight.java:75)
	at org.apache.coyote.AbstractProtocol$ConnectionHandler.process(AbstractProtocol.java:757)
	at org.apache.tomcat.util.net.NioEndpoint$SocketProcessor.run(NioEndpoint.java:1515)
	at java.util.concurrent.ThreadPoolExecutor.runWorker(ThreadPoolExecutor.java:1142)
	at java.util.concurrent.ThreadPoolExecutor$Worker.run(ThreadPoolExecutor.java:617)
	at org.apache.tomcat.util.threads.TaskThread$WrappingRunnable.run(TaskThread.java:61)
	at java.lang.Thread.run(Thread.java:745)

02-Jun-2016 14:10:18.482 SEVERE [http-nio-8080-exec-9] org.apache.coyote.http11.Http11Processor.service Error processing request
 java.lang.NullPointerException
	at org.apache.catalina.connector.CoyoteAdapter.service(CoyoteAdapter.java:386)
	at org.apache.coyote.http11.Http11Processor.service(Http11Processor.java:1080)
	at org.apache.coyote.AbstractProcessorLight.process(AbstractProcessorLight.java:75)
	at org.apache.coyote.AbstractProtocol$ConnectionHandler.process(AbstractProtocol.java:757)
	at org.apache.tomcat.util.net.NioEndpoint$SocketProcessor.run(NioEndpoint.java:1515)
	at java.util.concurrent.ThreadPoolExecutor.runWorker(ThreadPoolExecutor.java:1142)
	at java.util.concurrent.ThreadPoolExecutor$Worker.run(ThreadPoolExecutor.java:617)
	at org.apache.tomcat.util.threads.TaskThread$WrappingRunnable.run(TaskThread.java:61)
	at java.lang.Thread.run(Thread.java:745)

02-Jun-2016 14:10:18.483 INFO [http-nio-8080-exec-13] org.apache.catalina.connector.CoyoteAdapter.checkRecycled Encountered a non-recycled request and recycled it forcedly.
 org.apache.catalina.connector.CoyoteAdapter$RecycleRequiredException
	at org.apache.catalina.connector.CoyoteAdapter.checkRecycled(CoyoteAdapter.java:524)
	at org.apache.coyote.http11.Http11Processor.recycle(Http11Processor.java:1819)
	at org.apache.coyote.AbstractProtocol$ConnectionHandler.release(AbstractProtocol.java:920)
	at org.apache.coyote.AbstractProtocol$ConnectionHandler.process(AbstractProtocol.java:809)
	at org.apache.tomcat.util.net.NioEndpoint$SocketProcessor.run(NioEndpoint.java:1515)
	at java.util.concurrent.ThreadPoolExecutor.runWorker(ThreadPoolExecutor.java:1142)
	at java.util.concurrent.ThreadPoolExecutor$Worker.run(ThreadPoolExecutor.java:617)
	at org.apache.tomcat.util.threads.TaskThread$WrappingRunnable.run(TaskThread.java:61)
	at java.lang.Thread.run(Thread.java:745)

02-Jun-2016 14:10:18.488 SEVERE [http-nio-8080-exec-9] org.apache.coyote.http11.Http11Processor.endRequest Error finishing response
 java.lang.NullPointerException
	at org.apache.coyote.http11.Http11OutputBuffer.commit(Http11OutputBuffer.java:351)
	at org.apache.coyote.http11.Http11Processor.action(Http11Processor.java:647)
	at org.apache.coyote.http11.Http11Processor.endRequest(Http11Processor.java:1772)
	at org.apache.coyote.http11.Http11Processor.service(Http11Processor.java:1121)
	at org.apache.coyote.AbstractProcessorLight.process(AbstractProcessorLight.java:75)
	at org.apache.coyote.AbstractProtocol$ConnectionHandler.process(AbstractProtocol.java:757)
	at org.apache.tomcat.util.net.NioEndpoint$SocketProcessor.run(NioEndpoint.java:1515)
	at java.util.concurrent.ThreadPoolExecutor.runWorker(ThreadPoolExecutor.java:1142)
	at java.util.concurrent.ThreadPoolExecutor$Worker.run(ThreadPoolExecutor.java:617)
	at org.apache.tomcat.util.threads.TaskThread$WrappingRunnable.run(TaskThread.java:61)
	at java.lang.Thread.run(Thread.java:745)

02-Jun-2016 14:10:18.491 SEVERE [http-nio-8080-exec-13] org.apache.coyote.http11.Http11Processor.service Error processing request
 java.lang.NullPointerException
	at org.apache.catalina.connector.CoyoteAdapter.postParseRequest(CoyoteAdapter.java:772)
	at org.apache.catalina.connector.CoyoteAdapter.service(CoyoteAdapter.java:356)
	at org.apache.coyote.http11.Http11Processor.service(Http11Processor.java:1080)
	at org.apache.coyote.AbstractProcessorLight.process(AbstractProcessorLight.java:75)
	at org.apache.coyote.AbstractProtocol$ConnectionHandler.process(AbstractProtocol.java:757)
	at org.apache.tomcat.util.net.NioEndpoint$SocketProcessor.run(NioEndpoint.java:1515)
	at java.util.concurrent.ThreadPoolExecutor.runWorker(ThreadPoolExecutor.java:1142)
	at java.util.concurrent.ThreadPoolExecutor$Worker.run(ThreadPoolExecutor.java:617)
	at org.apache.tomcat.util.threads.TaskThread$WrappingRunnable.run(TaskThread.java:61)
	at java.lang.Thread.run(Thread.java:745)

02-Jun-2016 14:10:18.496 SEVERE [http-nio-8080-exec-13] org.apache.coyote.http11.Http11Processor.endRequest Error finishing response
 java.lang.NullPointerException
	at org.apache.coyote.http11.Http11OutputBuffer.commit(Http11OutputBuffer.java:351)
	at org.apache.coyote.http11.Http11Processor.action(Http11Processor.java:647)
	at org.apache.coyote.http11.Http11Processor.endRequest(Http11Processor.java:1772)
	at org.apache.coyote.http11.Http11Processor.service(Http11Processor.java:1121)
	at org.apache.coyote.AbstractProcessorLight.process(AbstractProcessorLight.java:75)
	at org.apache.coyote.AbstractProtocol$ConnectionHandler.process(AbstractProtocol.java:757)
	at org.apache.tomcat.util.net.NioEndpoint$SocketProcessor.run(NioEndpoint.java:1515)
	at java.util.concurrent.ThreadPoolExecutor.runWorker(ThreadPoolExecutor.java:1142)
	at java.util.concurrent.ThreadPoolExecutor$Worker.run(ThreadPoolExecutor.java:617)
	at org.apache.tomcat.util.threads.TaskThread$WrappingRunnable.run(TaskThread.java:61)
	at java.lang.Thread.run(Thread.java:745)

02-Jun-2016 14:10:19.441 SEVERE [http-nio-8080-exec-10] org.apache.coyote.http11.Http11Processor.service Error processing request
 java.lang.NullPointerException
	at org.apache.catalina.connector.CoyoteAdapter.service(CoyoteAdapter.java:386)
	at org.apache.coyote.http11.Http11Processor.service(Http11Processor.java:1080)
	at org.apache.coyote.AbstractProcessorLight.process(AbstractProcessorLight.java:75)
	at org.apache.coyote.AbstractProtocol$ConnectionHandler.process(AbstractProtocol.java:757)
	at org.apache.tomcat.util.net.NioEndpoint$SocketProcessor.run(NioEndpoint.java:1515)
	at java.util.concurrent.ThreadPoolExecutor.runWorker(ThreadPoolExecutor.java:1142)
	at java.util.concurrent.ThreadPoolExecutor$Worker.run(ThreadPoolExecutor.java:617)
	at org.apache.tomcat.util.threads.TaskThread$WrappingRunnable.run(TaskThread.java:61)
	at java.lang.Thread.run(Thread.java:745)

02-Jun-2016 14:10:19.456 SEVERE [http-nio-8080-exec-10] org.apache.coyote.http11.Http11Processor.endRequest Error finishing response
 java.lang.NullPointerException
	at org.apache.coyote.http11.Http11OutputBuffer.commit(Http11OutputBuffer.java:351)
	at org.apache.coyote.http11.Http11Processor.action(Http11Processor.java:647)
	at org.apache.coyote.http11.Http11Processor.endRequest(Http11Processor.java:1772)
	at org.apache.coyote.http11.Http11Processor.service(Http11Processor.java:1121)
	at org.apache.coyote.AbstractProcessorLight.process(AbstractProcessorLight.java:75)
	at org.apache.coyote.AbstractProtocol$ConnectionHandler.process(AbstractProtocol.java:757)
	at org.apache.tomcat.util.net.NioEndpoint$SocketProcessor.run(NioEndpoint.java:1515)
	at java.util.concurrent.ThreadPoolExecutor.runWorker(ThreadPoolExecutor.java:1142)
	at java.util.concurrent.ThreadPoolExecutor$Worker.run(ThreadPoolExecutor.java:617)
	at org.apache.tomcat.util.threads.TaskThread$WrappingRunnable.run(TaskThread.java:61)
	at java.lang.Thread.run(Thread.java:745)

02-Jun-2016 14:10:19.459 INFO [http-nio-8080-exec-10] org.apache.catalina.connector.CoyoteAdapter.checkRecycled Encountered a non-recycled request and recycled it forcedly.
 org.apache.catalina.connector.CoyoteAdapter$RecycleRequiredException
	at org.apache.catalina.connector.CoyoteAdapter.checkRecycled(CoyoteAdapter.java:524)
	at org.apache.coyote.http11.Http11Processor.recycle(Http11Processor.java:1819)
	at org.apache.coyote.AbstractProtocol$ConnectionHandler.release(AbstractProtocol.java:920)
	at org.apache.coyote.AbstractProtocol$ConnectionHandler.process(AbstractProtocol.java:809)
	at org.apache.tomcat.util.net.NioEndpoint$SocketProcessor.run(NioEndpoint.java:1515)
	at java.util.concurrent.ThreadPoolExecutor.runWorker(ThreadPoolExecutor.java:1142)
	at java.util.concurrent.ThreadPoolExecutor$Worker.run(ThreadPoolExecutor.java:617)
	at org.apache.tomcat.util.threads.TaskThread$WrappingRunnable.run(TaskThread.java:61)
	at java.lang.Thread.run(Thread.java:745)

02-Jun-2016 14:10:19.460 SEVERE [http-nio-8080-exec-14] org.apache.coyote.http11.Http11Processor.service Error processing request
 java.lang.NullPointerException
	at org.apache.catalina.connector.Request.notifyAttributeAssigned(Request.java:1463)
	at org.apache.catalina.connector.Request.setAttribute(Request.java:1453)
	at org.apache.catalina.core.StandardHostValve.invoke(StandardHostValve.java:157)
	at org.apache.catalina.valves.ErrorReportValve.invoke(ErrorReportValve.java:79)
	at org.apache.catalina.valves.AbstractAccessLogValve.invoke(AbstractAccessLogValve.java:616)
	at org.apache.catalina.core.StandardEngineValve.invoke(StandardEngineValve.java:87)
	at org.apache.catalina.connector.CoyoteAdapter.service(CoyoteAdapter.java:361)
	at org.apache.coyote.http11.Http11Processor.service(Http11Processor.java:1080)
	at org.apache.coyote.AbstractProcessorLight.process(AbstractProcessorLight.java:75)
	at org.apache.coyote.AbstractProtocol$ConnectionHandler.process(AbstractProtocol.java:757)
	at org.apache.tomcat.util.net.NioEndpoint$SocketProcessor.run(NioEndpoint.java:1515)
	at java.util.concurrent.ThreadPoolExecutor.runWorker(ThreadPoolExecutor.java:1142)
	at java.util.concurrent.ThreadPoolExecutor$Worker.run(ThreadPoolExecutor.java:617)
	at org.apache.tomcat.util.threads.TaskThread$WrappingRunnable.run(TaskThread.java:61)
	at java.lang.Thread.run(Thread.java:745)

02-Jun-2016 14:10:19.465 SEVERE [http-nio-8080-exec-14] org.apache.coyote.http11.Http11Processor.endRequest Error finishing response
 java.lang.NullPointerException
	at org.apache.coyote.http11.Http11OutputBuffer.commit(Http11OutputBuffer.java:351)
	at org.apache.coyote.http11.Http11Processor.action(Http11Processor.java:647)
	at org.apache.coyote.http11.Http11Processor.endRequest(Http11Processor.java:1772)
	at org.apache.coyote.http11.Http11Processor.service(Http11Processor.java:1121)
	at org.apache.coyote.AbstractProcessorLight.process(AbstractProcessorLight.java:75)
	at org.apache.coyote.AbstractProtocol$ConnectionHandler.process(AbstractProtocol.java:757)
	at org.apache.tomcat.util.net.NioEndpoint$SocketProcessor.run(NioEndpoint.java:1515)
	at java.util.concurrent.ThreadPoolExecutor.runWorker(ThreadPoolExecutor.java:1142)
	at java.util.concurrent.ThreadPoolExecutor$Worker.run(ThreadPoolExecutor.java:617)
	at org.apache.tomcat.util.threads.TaskThread$WrappingRunnable.run(TaskThread.java:61)
	at java.lang.Thread.run(Thread.java:745)

02-Jun-2016 14:10:39.440 INFO [main] org.apache.catalina.core.StandardServer.await A valid shutdown command was received via the shutdown port. Stopping the Server instance.
02-Jun-2016 14:10:39.441 INFO [main] org.apache.coyote.AbstractProtocol.pause Pausing ProtocolHandler ["http-nio-8080"]
02-Jun-2016 14:10:39.496 INFO [main] org.apache.coyote.AbstractProtocol.pause Pausing ProtocolHandler ["ajp-nio-8009"]
02-Jun-2016 14:10:39.547 INFO [main] org.apache.catalina.core.StandardService.stopInternal Stopping service Catalina
02-Jun-2016 14:10:41.670 SEVERE [localhost-startStop-2] org.apache.catalina.loader.WebappClassLoaderBase.checkThreadLocalMapForLeaks The web application [itm] created a ThreadLocal with key of type [java.lang.ThreadLocal] (value [java.lang.ThreadLocal@942da0]) and a value of type [com.xuggle.ferry.JNIThreadProxy] (value [Thread[Thread-6,5,main]]) but failed to remove it when the web application was stopped. Threads are going to be renewed over time to try and avoid a probable memory leak.
02-Jun-2016 14:10:41.671 SEVERE [localhost-startStop-2] org.apache.catalina.loader.WebappClassLoaderBase.checkThreadLocalMapForLeaks The web application [itm] created a ThreadLocal with key of type [java.lang.ThreadLocal] (value [java.lang.ThreadLocal@942da0]) and a value of type [com.xuggle.ferry.JNIThreadProxy] (value [Thread[Thread-8,5,main]]) but failed to remove it when the web application was stopped. Threads are going to be renewed over time to try and avoid a probable memory leak.
02-Jun-2016 14:10:41.672 SEVERE [localhost-startStop-2] org.apache.catalina.loader.WebappClassLoaderBase.checkThreadLocalMapForLeaks The web application [itm] created a ThreadLocal with key of type [java.lang.ThreadLocal] (value [java.lang.ThreadLocal@942da0]) and a value of type [com.xuggle.ferry.JNIThreadProxy] (value [Thread[Thread-9,5,main]]) but failed to remove it when the web application was stopped. Threads are going to be renewed over time to try and avoid a probable memory leak.
02-Jun-2016 14:10:41.674 INFO [main] org.apache.coyote.AbstractProtocol.stop Stopping ProtocolHandler ["http-nio-8080"]
02-Jun-2016 14:10:41.677 INFO [main] org.apache.coyote.AbstractProtocol.stop Stopping ProtocolHandler ["ajp-nio-8009"]
02-Jun-2016 14:10:41.678 INFO [main] org.apache.coyote.AbstractProtocol.destroy Destroying ProtocolHandler ["http-nio-8080"]
02-Jun-2016 14:10:41.679 SEVERE [main] org.apache.tomcat.util.modeler.Registry.unregisterComponent Error unregistering mbean 
 javax.management.RuntimeOperationsException: Object name cannot be null
	at com.sun.jmx.interceptor.DefaultMBeanServerInterceptor.isRegistered(DefaultMBeanServerInterceptor.java:569)
	at com.sun.jmx.mbeanserver.JmxMBeanServer.isRegistered(JmxMBeanServer.java:638)
	at org.apache.tomcat.util.modeler.Registry.unregisterComponent(Registry.java:413)
	at org.apache.coyote.AbstractProtocol$ConnectionHandler.unregister(AbstractProtocol.java:987)
	at org.apache.coyote.AbstractProtocol$RecycledProcessors.clear(AbstractProtocol.java:1054)
	at org.apache.coyote.AbstractProtocol$ConnectionHandler.recycle(AbstractProtocol.java:689)
	at org.apache.tomcat.util.net.NioEndpoint.releaseCaches(NioEndpoint.java:209)
	at org.apache.tomcat.util.net.NioEndpoint.unbind(NioEndpoint.java:351)
	at org.apache.tomcat.util.net.AbstractEndpoint.destroy(AbstractEndpoint.java:856)
	at org.apache.coyote.AbstractProtocol.destroy(AbstractProtocol.java:631)
	at org.apache.catalina.connector.Connector.destroyInternal(Connector.java:1041)
	at org.apache.catalina.util.LifecycleBase.destroy(LifecycleBase.java:310)
	at org.apache.catalina.core.StandardService.destroyInternal(StandardService.java:590)
	at org.apache.catalina.util.LifecycleBase.destroy(LifecycleBase.java:310)
	at org.apache.catalina.core.StandardServer.destroyInternal(StandardServer.java:859)
	at org.apache.catalina.util.LifecycleBase.destroy(LifecycleBase.java:310)
	at org.apache.catalina.startup.Catalina.stop(Catalina.java:723)
	at org.apache.catalina.startup.Catalina.start(Catalina.java:684)
	at sun.reflect.NativeMethodAccessorImpl.invoke0(Native Method)
	at sun.reflect.NativeMethodAccessorImpl.invoke(NativeMethodAccessorImpl.java:62)
	at sun.reflect.DelegatingMethodAccessorImpl.invoke(DelegatingMethodAccessorImpl.java:43)
	at java.lang.reflect.Method.invoke(Method.java:498)
	at org.apache.catalina.startup.Bootstrap.start(Bootstrap.java:351)
	at org.apache.catalina.startup.Bootstrap.main(Bootstrap.java:485)
Caused by: java.lang.IllegalArgumentException: Object name cannot be null
	... 24 more

02-Jun-2016 14:10:41.683 SEVERE [main] org.apache.tomcat.util.modeler.Registry.unregisterComponent Error unregistering mbean 
 javax.management.RuntimeOperationsException: Object name cannot be null
	at com.sun.jmx.interceptor.DefaultMBeanServerInterceptor.isRegistered(DefaultMBeanServerInterceptor.java:569)
	at com.sun.jmx.mbeanserver.JmxMBeanServer.isRegistered(JmxMBeanServer.java:638)
	at org.apache.tomcat.util.modeler.Registry.unregisterComponent(Registry.java:413)
	at org.apache.coyote.AbstractProtocol$ConnectionHandler.unregister(AbstractProtocol.java:987)
	at org.apache.coyote.AbstractProtocol$RecycledProcessors.clear(AbstractProtocol.java:1054)
	at org.apache.coyote.AbstractProtocol$ConnectionHandler.recycle(AbstractProtocol.java:689)
	at org.apache.tomcat.util.net.NioEndpoint.releaseCaches(NioEndpoint.java:209)
	at org.apache.tomcat.util.net.NioEndpoint.unbind(NioEndpoint.java:351)
	at org.apache.tomcat.util.net.AbstractEndpoint.destroy(AbstractEndpoint.java:856)
	at org.apache.coyote.AbstractProtocol.destroy(AbstractProtocol.java:631)
	at org.apache.catalina.connector.Connector.destroyInternal(Connector.java:1041)
	at org.apache.catalina.util.LifecycleBase.destroy(LifecycleBase.java:310)
	at org.apache.catalina.core.StandardService.destroyInternal(StandardService.java:590)
	at org.apache.catalina.util.LifecycleBase.destroy(LifecycleBase.java:310)
	at org.apache.catalina.core.StandardServer.destroyInternal(StandardServer.java:859)
	at org.apache.catalina.util.LifecycleBase.destroy(LifecycleBase.java:310)
	at org.apache.catalina.startup.Catalina.stop(Catalina.java:723)
	at org.apache.catalina.startup.Catalina.start(Catalina.java:684)
	at sun.reflect.NativeMethodAccessorImpl.invoke0(Native Method)
	at sun.reflect.NativeMethodAccessorImpl.invoke(NativeMethodAccessorImpl.java:62)
	at sun.reflect.DelegatingMethodAccessorImpl.invoke(DelegatingMethodAccessorImpl.java:43)
	at java.lang.reflect.Method.invoke(Method.java:498)
	at org.apache.catalina.startup.Bootstrap.start(Bootstrap.java:351)
	at org.apache.catalina.startup.Bootstrap.main(Bootstrap.java:485)
Caused by: java.lang.IllegalArgumentException: Object name cannot be null
	... 24 more

02-Jun-2016 14:10:41.687 SEVERE [main] org.apache.tomcat.util.modeler.Registry.unregisterComponent Error unregistering mbean 
 javax.management.RuntimeOperationsException: Object name cannot be null
	at com.sun.jmx.interceptor.DefaultMBeanServerInterceptor.isRegistered(DefaultMBeanServerInterceptor.java:569)
	at com.sun.jmx.mbeanserver.JmxMBeanServer.isRegistered(JmxMBeanServer.java:638)
	at org.apache.tomcat.util.modeler.Registry.unregisterComponent(Registry.java:413)
	at org.apache.coyote.AbstractProtocol$ConnectionHandler.unregister(AbstractProtocol.java:987)
	at org.apache.coyote.AbstractProtocol$RecycledProcessors.clear(AbstractProtocol.java:1054)
	at org.apache.coyote.AbstractProtocol$ConnectionHandler.recycle(AbstractProtocol.java:689)
	at org.apache.tomcat.util.net.NioEndpoint.releaseCaches(NioEndpoint.java:209)
	at org.apache.tomcat.util.net.NioEndpoint.unbind(NioEndpoint.java:351)
	at org.apache.tomcat.util.net.AbstractEndpoint.destroy(AbstractEndpoint.java:856)
	at org.apache.coyote.AbstractProtocol.destroy(AbstractProtocol.java:631)
	at org.apache.catalina.connector.Connector.destroyInternal(Connector.java:1041)
	at org.apache.catalina.util.LifecycleBase.destroy(LifecycleBase.java:310)
	at org.apache.catalina.core.StandardService.destroyInternal(StandardService.java:590)
	at org.apache.catalina.util.LifecycleBase.destroy(LifecycleBase.java:310)
	at org.apache.catalina.core.StandardServer.destroyInternal(StandardServer.java:859)
	at org.apache.catalina.util.LifecycleBase.destroy(LifecycleBase.java:310)
	at org.apache.catalina.startup.Catalina.stop(Catalina.java:723)
	at org.apache.catalina.startup.Catalina.start(Catalina.java:684)
	at sun.reflect.NativeMethodAccessorImpl.invoke0(Native Method)
	at sun.reflect.NativeMethodAccessorImpl.invoke(NativeMethodAccessorImpl.java:62)
	at sun.reflect.DelegatingMethodAccessorImpl.invoke(DelegatingMethodAccessorImpl.java:43)
	at java.lang.reflect.Method.invoke(Method.java:498)
	at org.apache.catalina.startup.Bootstrap.start(Bootstrap.java:351)
	at org.apache.catalina.startup.Bootstrap.main(Bootstrap.java:485)
Caused by: java.lang.IllegalArgumentException: Object name cannot be null
	... 24 more

02-Jun-2016 14:10:41.691 SEVERE [main] org.apache.tomcat.util.modeler.Registry.unregisterComponent Error unregistering mbean 
 javax.management.RuntimeOperationsException: Object name cannot be null
	at com.sun.jmx.interceptor.DefaultMBeanServerInterceptor.isRegistered(DefaultMBeanServerInterceptor.java:569)
	at com.sun.jmx.mbeanserver.JmxMBeanServer.isRegistered(JmxMBeanServer.java:638)
	at org.apache.tomcat.util.modeler.Registry.unregisterComponent(Registry.java:413)
	at org.apache.coyote.AbstractProtocol$ConnectionHandler.unregister(AbstractProtocol.java:987)
	at org.apache.coyote.AbstractProtocol$RecycledProcessors.clear(AbstractProtocol.java:1054)
	at org.apache.coyote.AbstractProtocol$ConnectionHandler.recycle(AbstractProtocol.java:689)
	at org.apache.tomcat.util.net.NioEndpoint.releaseCaches(NioEndpoint.java:209)
	at org.apache.tomcat.util.net.NioEndpoint.unbind(NioEndpoint.java:351)
	at org.apache.tomcat.util.net.AbstractEndpoint.destroy(AbstractEndpoint.java:856)
	at org.apache.coyote.AbstractProtocol.destroy(AbstractProtocol.java:631)
	at org.apache.catalina.connector.Connector.destroyInternal(Connector.java:1041)
	at org.apache.catalina.util.LifecycleBase.destroy(LifecycleBase.java:310)
	at org.apache.catalina.core.StandardService.destroyInternal(StandardService.java:590)
	at org.apache.catalina.util.LifecycleBase.destroy(LifecycleBase.java:310)
	at org.apache.catalina.core.StandardServer.destroyInternal(StandardServer.java:859)
	at org.apache.catalina.util.LifecycleBase.destroy(LifecycleBase.java:310)
	at org.apache.catalina.startup.Catalina.stop(Catalina.java:723)
	at org.apache.catalina.startup.Catalina.start(Catalina.java:684)
	at sun.reflect.NativeMethodAccessorImpl.invoke0(Native Method)
	at sun.reflect.NativeMethodAccessorImpl.invoke(NativeMethodAccessorImpl.java:62)
	at sun.reflect.DelegatingMethodAccessorImpl.invoke(DelegatingMethodAccessorImpl.java:43)
	at java.lang.reflect.Method.invoke(Method.java:498)
	at org.apache.catalina.startup.Bootstrap.start(Bootstrap.java:351)
	at org.apache.catalina.startup.Bootstrap.main(Bootstrap.java:485)
Caused by: java.lang.IllegalArgumentException: Object name cannot be null
	... 24 more

02-Jun-2016 14:10:41.696 SEVERE [main] org.apache.tomcat.util.modeler.Registry.unregisterComponent Error unregistering mbean 
 javax.management.RuntimeOperationsException: Object name cannot be null
	at com.sun.jmx.interceptor.DefaultMBeanServerInterceptor.isRegistered(DefaultMBeanServerInterceptor.java:569)
	at com.sun.jmx.mbeanserver.JmxMBeanServer.isRegistered(JmxMBeanServer.java:638)
	at org.apache.tomcat.util.modeler.Registry.unregisterComponent(Registry.java:413)
	at org.apache.coyote.AbstractProtocol$ConnectionHandler.unregister(AbstractProtocol.java:987)
	at org.apache.coyote.AbstractProtocol$RecycledProcessors.clear(AbstractProtocol.java:1054)
	at org.apache.coyote.AbstractProtocol$ConnectionHandler.recycle(AbstractProtocol.java:689)
	at org.apache.tomcat.util.net.NioEndpoint.releaseCaches(NioEndpoint.java:209)
	at org.apache.tomcat.util.net.NioEndpoint.unbind(NioEndpoint.java:351)
	at org.apache.tomcat.util.net.AbstractEndpoint.destroy(AbstractEndpoint.java:856)
	at org.apache.coyote.AbstractProtocol.destroy(AbstractProtocol.java:631)
	at org.apache.catalina.connector.Connector.destroyInternal(Connector.java:1041)
	at org.apache.catalina.util.LifecycleBase.destroy(LifecycleBase.java:310)
	at org.apache.catalina.core.StandardService.destroyInternal(StandardService.java:590)
	at org.apache.catalina.util.LifecycleBase.destroy(LifecycleBase.java:310)
	at org.apache.catalina.core.StandardServer.destroyInternal(StandardServer.java:859)
	at org.apache.catalina.util.LifecycleBase.destroy(LifecycleBase.java:310)
	at org.apache.catalina.startup.Catalina.stop(Catalina.java:723)
	at org.apache.catalina.startup.Catalina.start(Catalina.java:684)
	at sun.reflect.NativeMethodAccessorImpl.invoke0(Native Method)
	at sun.reflect.NativeMethodAccessorImpl.invoke(NativeMethodAccessorImpl.java:62)
	at sun.reflect.DelegatingMethodAccessorImpl.invoke(DelegatingMethodAccessorImpl.java:43)
	at java.lang.reflect.Method.invoke(Method.java:498)
	at org.apache.catalina.startup.Bootstrap.start(Bootstrap.java:351)
	at org.apache.catalina.startup.Bootstrap.main(Bootstrap.java:485)
Caused by: java.lang.IllegalArgumentException: Object name cannot be null
	... 24 more

02-Jun-2016 14:10:41.701 SEVERE [main] org.apache.tomcat.util.modeler.Registry.unregisterComponent Error unregistering mbean 
 javax.management.RuntimeOperationsException: Object name cannot be null
	at com.sun.jmx.interceptor.DefaultMBeanServerInterceptor.isRegistered(DefaultMBeanServerInterceptor.java:569)
	at com.sun.jmx.mbeanserver.JmxMBeanServer.isRegistered(JmxMBeanServer.java:638)
	at org.apache.tomcat.util.modeler.Registry.unregisterComponent(Registry.java:413)
	at org.apache.coyote.AbstractProtocol$ConnectionHandler.unregister(AbstractProtocol.java:987)
	at org.apache.coyote.AbstractProtocol$RecycledProcessors.clear(AbstractProtocol.java:1054)
	at org.apache.coyote.AbstractProtocol$ConnectionHandler.recycle(AbstractProtocol.java:689)
	at org.apache.tomcat.util.net.NioEndpoint.releaseCaches(NioEndpoint.java:209)
	at org.apache.tomcat.util.net.NioEndpoint.unbind(NioEndpoint.java:351)
	at org.apache.tomcat.util.net.AbstractEndpoint.destroy(AbstractEndpoint.java:856)
	at org.apache.coyote.AbstractProtocol.destroy(AbstractProtocol.java:631)
	at org.apache.catalina.connector.Connector.destroyInternal(Connector.java:1041)
	at org.apache.catalina.util.LifecycleBase.destroy(LifecycleBase.java:310)
	at org.apache.catalina.core.StandardService.destroyInternal(StandardService.java:590)
	at org.apache.catalina.util.LifecycleBase.destroy(LifecycleBase.java:310)
	at org.apache.catalina.core.StandardServer.destroyInternal(StandardServer.java:859)
	at org.apache.catalina.util.LifecycleBase.destroy(LifecycleBase.java:310)
	at org.apache.catalina.startup.Catalina.stop(Catalina.java:723)
	at org.apache.catalina.startup.Catalina.start(Catalina.java:684)
	at sun.reflect.NativeMethodAccessorImpl.invoke0(Native Method)
	at sun.reflect.NativeMethodAccessorImpl.invoke(NativeMethodAccessorImpl.java:62)
	at sun.reflect.DelegatingMethodAccessorImpl.invoke(DelegatingMethodAccessorImpl.java:43)
	at java.lang.reflect.Method.invoke(Method.java:498)
	at org.apache.catalina.startup.Bootstrap.start(Bootstrap.java:351)
	at org.apache.catalina.startup.Bootstrap.main(Bootstrap.java:485)
Caused by: java.lang.IllegalArgumentException: Object name cannot be null
	... 24 more

02-Jun-2016 14:10:41.706 SEVERE [main] org.apache.tomcat.util.modeler.Registry.unregisterComponent Error unregistering mbean 
 javax.management.RuntimeOperationsException: Object name cannot be null
	at com.sun.jmx.interceptor.DefaultMBeanServerInterceptor.isRegistered(DefaultMBeanServerInterceptor.java:569)
	at com.sun.jmx.mbeanserver.JmxMBeanServer.isRegistered(JmxMBeanServer.java:638)
	at org.apache.tomcat.util.modeler.Registry.unregisterComponent(Registry.java:413)
	at org.apache.coyote.AbstractProtocol$ConnectionHandler.unregister(AbstractProtocol.java:987)
	at org.apache.coyote.AbstractProtocol$RecycledProcessors.clear(AbstractProtocol.java:1054)
	at org.apache.coyote.AbstractProtocol$ConnectionHandler.recycle(AbstractProtocol.java:689)
	at org.apache.tomcat.util.net.NioEndpoint.releaseCaches(NioEndpoint.java:209)
	at org.apache.tomcat.util.net.NioEndpoint.unbind(NioEndpoint.java:351)
	at org.apache.tomcat.util.net.AbstractEndpoint.destroy(AbstractEndpoint.java:856)
	at org.apache.coyote.AbstractProtocol.destroy(AbstractProtocol.java:631)
	at org.apache.catalina.connector.Connector.destroyInternal(Connector.java:1041)
	at org.apache.catalina.util.LifecycleBase.destroy(LifecycleBase.java:310)
	at org.apache.catalina.core.StandardService.destroyInternal(StandardService.java:590)
	at org.apache.catalina.util.LifecycleBase.destroy(LifecycleBase.java:310)
	at org.apache.catalina.core.StandardServer.destroyInternal(StandardServer.java:859)
	at org.apache.catalina.util.LifecycleBase.destroy(LifecycleBase.java:310)
	at org.apache.catalina.startup.Catalina.stop(Catalina.java:723)
	at org.apache.catalina.startup.Catalina.start(Catalina.java:684)
	at sun.reflect.NativeMethodAccessorImpl.invoke0(Native Method)
	at sun.reflect.NativeMethodAccessorImpl.invoke(NativeMethodAccessorImpl.java:62)
	at sun.reflect.DelegatingMethodAccessorImpl.invoke(DelegatingMethodAccessorImpl.java:43)
	at java.lang.reflect.Method.invoke(Method.java:498)
	at org.apache.catalina.startup.Bootstrap.start(Bootstrap.java:351)
	at org.apache.catalina.startup.Bootstrap.main(Bootstrap.java:485)
Caused by: java.lang.IllegalArgumentException: Object name cannot be null
	... 24 more

02-Jun-2016 14:10:41.710 SEVERE [main] org.apache.tomcat.util.modeler.Registry.unregisterComponent Error unregistering mbean 
 javax.management.RuntimeOperationsException: Object name cannot be null
	at com.sun.jmx.interceptor.DefaultMBeanServerInterceptor.isRegistered(DefaultMBeanServerInterceptor.java:569)
	at com.sun.jmx.mbeanserver.JmxMBeanServer.isRegistered(JmxMBeanServer.java:638)
	at org.apache.tomcat.util.modeler.Registry.unregisterComponent(Registry.java:413)
	at org.apache.coyote.AbstractProtocol$ConnectionHandler.unregister(AbstractProtocol.java:987)
	at org.apache.coyote.AbstractProtocol$RecycledProcessors.clear(AbstractProtocol.java:1054)
	at org.apache.coyote.AbstractProtocol$ConnectionHandler.recycle(AbstractProtocol.java:689)
	at org.apache.tomcat.util.net.NioEndpoint.releaseCaches(NioEndpoint.java:209)
	at org.apache.tomcat.util.net.NioEndpoint.unbind(NioEndpoint.java:351)
	at org.apache.tomcat.util.net.AbstractEndpoint.destroy(AbstractEndpoint.java:856)
	at org.apache.coyote.AbstractProtocol.destroy(AbstractProtocol.java:631)
	at org.apache.catalina.connector.Connector.destroyInternal(Connector.java:1041)
	at org.apache.catalina.util.LifecycleBase.destroy(LifecycleBase.java:310)
	at org.apache.catalina.core.StandardService.destroyInternal(StandardService.java:590)
	at org.apache.catalina.util.LifecycleBase.destroy(LifecycleBase.java:310)
	at org.apache.catalina.core.StandardServer.destroyInternal(StandardServer.java:859)
	at org.apache.catalina.util.LifecycleBase.destroy(LifecycleBase.java:310)
	at org.apache.catalina.startup.Catalina.stop(Catalina.java:723)
	at org.apache.catalina.startup.Catalina.start(Catalina.java:684)
	at sun.reflect.NativeMethodAccessorImpl.invoke0(Native Method)
	at sun.reflect.NativeMethodAccessorImpl.invoke(NativeMethodAccessorImpl.java:62)
	at sun.reflect.DelegatingMethodAccessorImpl.invoke(DelegatingMethodAccessorImpl.java:43)
	at java.lang.reflect.Method.invoke(Method.java:498)
	at org.apache.catalina.startup.Bootstrap.start(Bootstrap.java:351)
	at org.apache.catalina.startup.Bootstrap.main(Bootstrap.java:485)
Caused by: java.lang.IllegalArgumentException: Object name cannot be null
	... 24 more

02-Jun-2016 14:10:41.715 INFO [main] org.apache.coyote.AbstractProtocol.destroy Destroying ProtocolHandler ["ajp-nio-8009"]
02-Jun-2016 14:10:42.405 INFO [main] org.apache.catalina.startup.VersionLoggerListener.log Server version:        Apache Tomcat/9.0.0.M1
02-Jun-2016 14:10:42.406 INFO [main] org.apache.catalina.startup.VersionLoggerListener.log Server built:          Nov 12 2015 22:05:52 UTC
02-Jun-2016 14:10:42.407 INFO [main] org.apache.catalina.startup.VersionLoggerListener.log Server number:         9.0.0.0
02-Jun-2016 14:10:42.407 INFO [main] org.apache.catalina.startup.VersionLoggerListener.log OS Name:               Windows 10
02-Jun-2016 14:10:42.407 INFO [main] org.apache.catalina.startup.VersionLoggerListener.log OS Version:            10.0
02-Jun-2016 14:10:42.407 INFO [main] org.apache.catalina.startup.VersionLoggerListener.log Architecture:          x86
02-Jun-2016 14:10:42.408 INFO [main] org.apache.catalina.startup.VersionLoggerListener.log Java Home:             C:\Program Files (x86)\Java\jdk1.8.0_74\jre
02-Jun-2016 14:10:42.408 INFO [main] org.apache.catalina.startup.VersionLoggerListener.log JVM Version:           1.8.0_74-b02
02-Jun-2016 14:10:42.408 INFO [main] org.apache.catalina.startup.VersionLoggerListener.log JVM Vendor:            Oracle Corporation
02-Jun-2016 14:10:42.408 INFO [main] org.apache.catalina.startup.VersionLoggerListener.log CATALINA_BASE:         C:\Users\peter\Desktop\Schule\SEM4-2\ITM\Abgabe_3\itm_skeleton_a3_SS16\assignment3\tools\tomcat\apache-tomcat-9.0.0.M1
02-Jun-2016 14:10:42.409 INFO [main] org.apache.catalina.startup.VersionLoggerListener.log CATALINA_HOME:         C:\Users\peter\Desktop\Schule\SEM4-2\ITM\Abgabe_3\itm_skeleton_a3_SS16\assignment3\tools\tomcat\apache-tomcat-9.0.0.M1
02-Jun-2016 14:10:42.409 INFO [main] org.apache.catalina.startup.VersionLoggerListener.log Command line argument: -Djava.util.logging.config.file=tools\tomcat\apache-tomcat-9.0.0.M1\conf\logging.properties
02-Jun-2016 14:10:42.409 INFO [main] org.apache.catalina.startup.VersionLoggerListener.log Command line argument: -Djava.util.logging.manager=org.apache.juli.ClassLoaderLogManager
02-Jun-2016 14:10:42.410 INFO [main] org.apache.catalina.startup.VersionLoggerListener.log Command line argument: -Xmx512m
02-Jun-2016 14:10:42.410 INFO [main] org.apache.catalina.startup.VersionLoggerListener.log Command line argument: -Dcatalina.base=tools\tomcat\apache-tomcat-9.0.0.M1
02-Jun-2016 14:10:42.410 INFO [main] org.apache.catalina.startup.VersionLoggerListener.log Command line argument: -Dcatalina.home=tools\tomcat\apache-tomcat-9.0.0.M1
02-Jun-2016 14:10:42.410 INFO [main] org.apache.catalina.startup.VersionLoggerListener.log Command line argument: -Djava.io.tmpdir=tools\tomcat\apache-tomcat-9.0.0.M1\temp
02-Jun-2016 14:10:42.410 INFO [main] org.apache.catalina.core.AprLifecycleListener.lifecycleEvent The APR based Apache Tomcat Native library which allows optimal performance in production environments was not found on the java.library.path: C:\Program Files (x86)\Java\jdk1.8.0_74\bin;C:\WINDOWS\Sun\Java\bin;C:\WINDOWS\system32;C:\WINDOWS;C:\ProgramData\Oracle\Java\javapath;C:\Windows\system32;C:\Windows;C:\Windows\System32\Wbem;C:\Windows\System32\WindowsPowerShell\v1.0\;C:\Program Files (x86)\NVIDIA Corporation\PhysX\Common;%USERPROFILE%\.dnx\bin;C:\Program Files\Microsoft DNX\Dnvm\;C:\WINDOWS\system32;C:\WINDOWS;C:\WINDOWS\System32\Wbem;C:\WINDOWS\System32\WindowsPowerShell\v1.0\;C:\Program Files (x86)\Skype\Phone\;C:\Program Files (x86)\Windows Kits\10\Windows Performance Toolkit\;C:\Program Files\Git\cmd;.;"C:\Program Files (x86)\Java\jdk1.8.0_74\bin";E:\Program Files (x86)\CodeBlocks\MinGW\bin;.
02-Jun-2016 14:10:42.526 INFO [main] org.apache.coyote.AbstractProtocol.init Initializing ProtocolHandler ["http-nio-8080"]
02-Jun-2016 14:10:42.591 INFO [main] org.apache.tomcat.util.net.NioSelectorPool.getSharedSelector Using a shared selector for servlet write/read
02-Jun-2016 14:10:42.594 INFO [main] org.apache.coyote.AbstractProtocol.init Initializing ProtocolHandler ["ajp-nio-8009"]
02-Jun-2016 14:10:42.596 INFO [main] org.apache.tomcat.util.net.NioSelectorPool.getSharedSelector Using a shared selector for servlet write/read
02-Jun-2016 14:10:42.596 INFO [main] org.apache.catalina.startup.Catalina.load Initialization processed in 515 ms
02-Jun-2016 14:10:42.621 INFO [main] org.apache.catalina.core.StandardService.startInternal Starting service Catalina
02-Jun-2016 14:10:42.621 INFO [main] org.apache.catalina.core.StandardEngine.startInternal Starting Servlet Engine: Apache Tomcat/9.0.0.M1
02-Jun-2016 14:10:42.632 INFO [localhost-startStop-1] org.apache.catalina.startup.HostConfig.deployDescriptor Deploying configuration descriptor C:\Users\peter\Desktop\Schule\SEM4-2\ITM\Abgabe_3\itm_skeleton_a3_SS16\assignment3\tools\tomcat\apache-tomcat-9.0.0.M1\conf\Catalina\localhost\itm.xml
02-Jun-2016 14:10:42.677 WARNING [localhost-startStop-1] org.apache.catalina.startup.SetContextPropertiesRule.begin [SetContextPropertiesRule]{Context} Setting property 'debug' to '0' did not find a matching property.
02-Jun-2016 14:10:44.549 INFO [localhost-startStop-1] org.apache.jasper.servlet.TldScanner.scanJars At least one JAR was scanned for TLDs yet contained no TLDs. Enable debug logging for this logger for a complete list of JARs that were scanned but no TLDs were found in them. Skipping unneeded JARs during scanning can improve startup time and JSP compilation time.
02-Jun-2016 14:10:44.672 INFO [localhost-startStop-1] org.apache.catalina.startup.HostConfig.deployDescriptor Deployment of configuration descriptor C:\Users\peter\Desktop\Schule\SEM4-2\ITM\Abgabe_3\itm_skeleton_a3_SS16\assignment3\tools\tomcat\apache-tomcat-9.0.0.M1\conf\Catalina\localhost\itm.xml has finished in 2,040 ms
02-Jun-2016 14:10:44.673 INFO [localhost-startStop-1] org.apache.catalina.startup.HostConfig.deployDirectory Deploying web application directory C:\Users\peter\Desktop\Schule\SEM4-2\ITM\Abgabe_3\itm_skeleton_a3_SS16\assignment3\tools\tomcat\apache-tomcat-9.0.0.M1\webapps\ROOT
02-Jun-2016 14:10:44.702 INFO [localhost-startStop-1] org.apache.catalina.startup.HostConfig.deployDirectory Deployment of web application directory C:\Users\peter\Desktop\Schule\SEM4-2\ITM\Abgabe_3\itm_skeleton_a3_SS16\assignment3\tools\tomcat\apache-tomcat-9.0.0.M1\webapps\ROOT has finished in 29 ms
02-Jun-2016 14:10:44.705 INFO [main] org.apache.coyote.AbstractProtocol.start Starting ProtocolHandler [http-nio-8080]
02-Jun-2016 14:10:44.712 INFO [main] org.apache.coyote.AbstractProtocol.start Starting ProtocolHandler [ajp-nio-8009]
02-Jun-2016 14:10:44.714 INFO [main] org.apache.catalina.startup.Catalina.start Server startup in 2116 ms
